<?xml version="1.0" encoding="UTF-8"?>
<robot generator="Robot 5.0.1 (Python 3.9.13 on win32)" generated="20221107 14:19:50.925" rpa="true" schemaversion="3">
<suite id="s1" name="Tasks" source="c:\Users\mcarpenter\Documents\Robots\my-first-robot\tasks.robot">
<test id="s1-t1" name="Order robots from RobotSpareBin Industries Inc" line="30">
<kw name="Ask for user input">
<var>${orders_url}</var>
<kw name="Add heading" library="RPA.Dialogs">
<arg>Enter Orders URL</arg>
<doc>Add a centered heading text element</doc>
<status status="PASS" starttime="20221107 14:19:54.457" endtime="20221107 14:19:54.458"/>
</kw>
<kw name="Add text input" library="RPA.Dialogs">
<arg>name=orders_url</arg>
<arg>label=Orders URL</arg>
<tag>input</tag>
<doc>Add a text input element</doc>
<status status="PASS" starttime="20221107 14:19:54.458" endtime="20221107 14:19:54.459"/>
</kw>
<kw name="Run dialog" library="RPA.Dialogs">
<var>${orders_url}</var>
<tag>dialog</tag>
<doc>Create a dialog from all the defined elements and block
until the user has handled it.</doc>
<msg timestamp="20221107 14:19:54.461" level="INFO">Protecting keyword: RPA.Dialogs.Run dialog</msg>
<msg timestamp="20221107 14:19:59.557" level="INFO">Log level changed from NONE to INFO.</msg>
<status status="PASS" starttime="20221107 14:19:54.460" endtime="20221107 14:19:59.557"/>
</kw>
<return>
<value>${orders_url}</value>
<status status="PASS" starttime="20221107 14:19:59.557" endtime="20221107 14:19:59.557"/>
</return>
<msg timestamp="20221107 14:19:59.558" level="INFO">${orders_url} = {'orders_url': 'https://robotsparebinindustries.com/orders.csv', 'submit': 'Submit'}</msg>
<status status="PASS" starttime="20221107 14:19:54.456" endtime="20221107 14:19:59.559"/>
</kw>
<kw name="Get Secret" library="RPA.Robocorp.Vault">
<var>${secret}</var>
<arg>bot_sizzle_site_stuff</arg>
<doc>Read a secret from the configured source, e.g. Robocorp Vault,
and return it as a ``Secret`` object.</doc>
<msg timestamp="20221107 14:19:59.563" level="INFO">Protecting keyword: RPA.Robocorp.Vault.Get Secret</msg>
<msg timestamp="20221107 14:19:59.564" level="INFO">Log level changed from NONE to INFO.</msg>
<status status="PASS" starttime="20221107 14:19:59.561" endtime="20221107 14:19:59.564"/>
</kw>
<kw name="Open the robot order website">
<arg>${secret}</arg>
<kw name="Log" library="BuiltIn">
<arg>Navigating to ${secret}[username]</arg>
<doc>Logs the given message with the given level.</doc>
<msg timestamp="20221107 14:19:59.569" level="INFO">Navigating to Bot Building Website</msg>
<status status="PASS" starttime="20221107 14:19:59.568" endtime="20221107 14:19:59.570"/>
</kw>
<kw name="Open Browser" library="RPA.Browser.Playwright">
<arg>url=${secret}[password]</arg>
<tag>BrowserControl</tag>
<tag>Setter</tag>
<doc>Opens a new browser instance. Use this keyword for quick experiments or debugging sessions.
Use `New Page` directly instead of `Open Browser` for production and automated execution.
See `Browser, Context and Page` for more information about Browser and related concepts.</doc>
<msg timestamp="20221107 14:19:59.573" level="WARN">Open Browser is for quick experimentation and debugging only. Use New Page for production.</msg>
<msg timestamp="20221107 14:19:59.575" level="INFO">{"browser": "chromium", "headless": false, "handleSIGINT": true, "handleSIGTERM": true, "handleSIGHUP": true, "timeout": 30000.0, "devtools": false, "slowMo": 0.0, "tracesDir": "c:\\Users\\mcarpenter\\Documents\\Robots\\my-first-robot\\output\\browser\\traces\\6ea219c4-f659-4ed8-8953-f3b36cfa28ff"}</msg>
<msg timestamp="20221107 14:20:00.374" level="INFO">Successfully created browser with options: {"browser":"chromium","headless":false,"handleSIGINT":true,"handleSIGTERM":true,"handleSIGHUP":true,"timeout":30000,"devtools":false,"slowMo":0,"tracesDir":"c:\\Users\\mcarpenter\\Documents\\Robots\\my-first-robot\\output\\browser\\traces\\6ea219c4-f659-4ed8-8953-f3b36cfa28ff"}</msg>
<msg timestamp="20221107 14:20:00.379" level="INFO">{"acceptDownloads": true, "ignoreHTTPSErrors": false, "bypassCSP": true, "deviceScaleFactor": 1.0, "isMobile": false, "hasTouch": false, "javaScriptEnabled": true, "offline": false, "hideRfBrowser": false, "reducedMotion": "no-preference", "forcedColors": "none"}</msg>
<msg timestamp="20221107 14:20:00.405" level="INFO">Successfully created context. </msg>
<msg timestamp="20221107 14:20:00.406" level="INFO">{'acceptDownloads': True, 'ignoreHTTPSErrors': False, 'bypassCSP': True, 'deviceScaleFactor': 1, 'isMobile': False, 'hasTouch': False, 'javaScriptEnabled': True, 'offline': False, 'hideRfBrowser': False, 'reducedMotion': 'no-preference', 'forcedColors': 'none'}</msg>
<msg timestamp="20221107 14:20:01.231" level="INFO">Successfully initialized new page object and opened url: https://robotsparebinindustries.com/#/robot-order</msg>
<status status="PASS" starttime="20221107 14:19:59.571" endtime="20221107 14:20:01.231"/>
</kw>
<status status="PASS" starttime="20221107 14:19:59.566" endtime="20221107 14:20:01.232"/>
</kw>
<kw name="Get Orders">
<var>${orders}</var>
<arg>${orders_url}</arg>
<kw name="Download" library="RPA.Browser.Playwright">
<var>${downloaded_file}</var>
<arg>url=${orders_url.orders_url}</arg>
<tag>Page Content</tag>
<doc>Download given url content.</doc>
<msg timestamp="20221107 14:20:01.540" level="INFO">Url content downloaded to a file: c:\Users\mcarpenter\AppData\Local\robocorp\temp\4d65822107fc9b0e\playwright-artifacts-rJd7Ga\3f373cc5-c950-4a0d-910d-6a6d942b2f7b</msg>
<msg timestamp="20221107 14:20:01.540" level="INFO">${downloaded_file} = {'saveAs': 'c:\\Users\\mcarpenter\\AppData\\Local\\robocorp\\temp\\4d65822107fc9b0e\\playwright-artifacts-rJd7Ga\\3f373cc5-c950-4a0d-910d-6a6d942b2f7b', 'suggestedFilename': 'https___robotsparebinindu...</msg>
<status status="PASS" starttime="20221107 14:20:01.233" endtime="20221107 14:20:01.541"/>
</kw>
<kw name="Read table from CSV" library="RPA.Tables">
<var>${orders}</var>
<arg>${downloaded_file.saveAs}</arg>
<doc>Read a CSV file as a table.</doc>
<msg timestamp="20221107 14:20:01.547" level="INFO">${orders} = Table(columns=['Order number', 'Head', 'Body', 'Legs', 'Address'], rows=20)</msg>
<status status="PASS" starttime="20221107 14:20:01.541" endtime="20221107 14:20:01.547"/>
</kw>
<return>
<value>${orders}</value>
<status status="PASS" starttime="20221107 14:20:01.547" endtime="20221107 14:20:01.548"/>
</return>
<msg timestamp="20221107 14:20:01.548" level="INFO">${orders} = Table(columns=['Order number', 'Head', 'Body', 'Legs', 'Address'], rows=20)</msg>
<status status="PASS" starttime="20221107 14:20:01.232" endtime="20221107 14:20:01.549"/>
</kw>
<for flavor="IN">
<var>${row}</var>
<value>@{orders}</value>
<iter>
<var name="${row}">{'Order number': '1', 'Head': '1', 'Body': '2', 'Legs': '3', 'Address': 'Address 123'}</var>
<kw name="Close the annoying modal">
<kw name="Click" library="RPA.Browser.Playwright">
<arg>xpath=//button[contains(.,'Yep')]</arg>
<tag>PageContent</tag>
<tag>Setter</tag>
<doc>Simulates mouse click on the element found by ``selector``.</doc>
<status status="PASS" starttime="20221107 14:20:01.553" endtime="20221107 14:20:01.668"/>
</kw>
<status status="PASS" starttime="20221107 14:20:01.551" endtime="20221107 14:20:01.668"/>
</kw>
<kw name="Fill the form">
<arg>${row}</arg>
<kw name="Select Options By" library="RPA.Browser.Playwright">
<arg>select[id=head]</arg>
<arg>value</arg>
<arg>${order_row}[Head]</arg>
<tag>PageContent</tag>
<tag>Setter</tag>
<doc>Selects options from select element found by ``selector``.</doc>
<status status="PASS" starttime="20221107 14:20:01.669" endtime="20221107 14:20:01.717"/>
</kw>
<kw name="Check Checkbox" library="RPA.Browser.Playwright">
<arg>id=id-body-${order_row}[Body]</arg>
<tag>PageContent</tag>
<tag>Setter</tag>
<doc>Checks the checkbox or selects radio button found by ``selector``.</doc>
<status status="PASS" starttime="20221107 14:20:01.717" endtime="20221107 14:20:01.778"/>
</kw>
<kw name="Type Text" library="RPA.Browser.Playwright">
<arg>xpath=//label[contains(.,'3. Legs:')]/../input</arg>
<arg>${order_row}[Legs]</arg>
<tag>PageContent</tag>
<tag>Setter</tag>
<doc>Types the given ``txt`` into the text field found by ``selector``.</doc>
<msg timestamp="20221107 14:20:01.778" level="INFO">Types the text '3' in the given field.</msg>
<status status="PASS" starttime="20221107 14:20:01.778" endtime="20221107 14:20:01.815"/>
</kw>
<kw name="Type Text" library="RPA.Browser.Playwright">
<arg>id=address</arg>
<arg>${order_row}[Address]</arg>
<tag>PageContent</tag>
<tag>Setter</tag>
<doc>Types the given ``txt`` into the text field found by ``selector``.</doc>
<msg timestamp="20221107 14:20:01.816" level="INFO">Types the text 'Address 123' in the given field.</msg>
<status status="PASS" starttime="20221107 14:20:01.815" endtime="20221107 14:20:01.871"/>
</kw>
<status status="PASS" starttime="20221107 14:20:01.668" endtime="20221107 14:20:01.872"/>
</kw>
<kw name="Preview the robot">
<kw name="Click" library="RPA.Browser.Playwright">
<arg>id=preview</arg>
<tag>PageContent</tag>
<tag>Setter</tag>
<doc>Simulates mouse click on the element found by ``selector``.</doc>
<status status="PASS" starttime="20221107 14:20:01.872" endtime="20221107 14:20:01.936"/>
</kw>
<status status="PASS" starttime="20221107 14:20:01.872" endtime="20221107 14:20:01.937"/>
</kw>
<kw name="Wait Until Keyword Succeeds" library="BuiltIn">
<arg>3x</arg>
<arg>1s</arg>
<arg>Submit the order</arg>
<doc>Runs the specified keyword and retries if it fails.</doc>
<kw name="Submit the order">
<kw name="Click" library="RPA.Browser.Playwright">
<arg>id=order</arg>
<tag>PageContent</tag>
<tag>Setter</tag>
<doc>Simulates mouse click on the element found by ``selector``.</doc>
<status status="PASS" starttime="20221107 14:20:01.938" endtime="20221107 14:20:02.006"/>
</kw>
<kw name="Wait For Elements State" library="RPA.Browser.Playwright">
<arg>id=receipt</arg>
<arg>timeout=3s</arg>
<tag>PageContent</tag>
<tag>Wait</tag>
<doc>Waits for the element found by ``selector`` to satisfy state option.</doc>
<msg timestamp="20221107 14:20:02.021" level="INFO">Waited for Element with selector id=receipt at state visible</msg>
<status status="PASS" starttime="20221107 14:20:02.008" endtime="20221107 14:20:02.021"/>
</kw>
<status status="PASS" starttime="20221107 14:20:01.937" endtime="20221107 14:20:02.021"/>
</kw>
<status status="PASS" starttime="20221107 14:20:01.937" endtime="20221107 14:20:02.022"/>
</kw>
<kw name="Store the receipt as a PDF file">
<var>${pdf}</var>
<arg>${row}</arg>
<kw name="Set Variable" library="BuiltIn">
<var>${pdf_file_full_path}</var>
<arg>${RECEIPTS_DIR}${/}${order_row}[Order number]_Receipt.pdf</arg>
<doc>Returns the given values which can then be assigned to a variables.</doc>
<msg timestamp="20221107 14:20:02.023" level="INFO">${pdf_file_full_path} = c:\Users\mcarpenter\Documents\Robots\my-first-robot\output\receipts\1_Receipt.pdf</msg>
<status status="PASS" starttime="20221107 14:20:02.022" endtime="20221107 14:20:02.023"/>
</kw>
<kw name="Get Property" library="RPA.Browser.Playwright">
<var>${robot_receipt_html}</var>
<arg>id=receipt</arg>
<arg>outerHTML</arg>
<tag>Assertion</tag>
<tag>Getter</tag>
<tag>PageContent</tag>
<doc>Returns the ``property`` of the element found by ``selector``.</doc>
<msg timestamp="20221107 14:20:02.040" level="INFO">${robot_receipt_html} = &lt;div id="receipt" class="alert alert-success" role="alert"&gt;&lt;h3&gt;Receipt&lt;/h3&gt;&lt;div&gt;2022-11-07T19:20:01.992Z&lt;/div&gt;&lt;p class="badge badge-success"&gt;RSB-ROBO-ORDER-66HKK6P4BF&lt;/p&gt;&lt;p&gt;Address 123&lt;/p&gt;&lt;div id="par...</msg>
<status status="PASS" starttime="20221107 14:20:02.023" endtime="20221107 14:20:02.040"/>
</kw>
<kw name="Html To Pdf" library="RPA.PDF">
<arg>${robot_receipt_html}</arg>
<arg>${pdf_file_full_path}</arg>
<doc>Generate a PDF file from HTML content.</doc>
<msg timestamp="20221107 14:20:02.046" level="INFO">Writing output to file C:\Users\mcarpenter\Documents\Robots\my-first-robot\output\receipts\1_Receipt.pdf</msg>
<msg timestamp="20221107 14:20:02.138" level="INFO">maxp pruned</msg>
<msg timestamp="20221107 14:20:02.138" level="INFO">cmap pruned</msg>
<msg timestamp="20221107 14:20:02.141" level="INFO">post pruned</msg>
<msg timestamp="20221107 14:20:02.146" level="INFO">GDEF dropped</msg>
<msg timestamp="20221107 14:20:02.147" level="INFO">GPOS dropped</msg>
<msg timestamp="20221107 14:20:02.147" level="INFO">GSUB dropped</msg>
<msg timestamp="20221107 14:20:02.149" level="INFO">name pruned</msg>
<msg timestamp="20221107 14:20:02.152" level="INFO">glyf pruned</msg>
<msg timestamp="20221107 14:20:02.152" level="INFO">Added gid0 to subset</msg>
<msg timestamp="20221107 14:20:02.153" level="INFO">Added first four glyphs to subset</msg>
<msg timestamp="20221107 14:20:02.153" level="INFO">Closing glyph list over 'glyf': 58 glyphs before</msg>
<msg timestamp="20221107 14:20:02.153" level="INFO">Glyph names: ['.notdef', '.null', 'uni0020', 'uni0021', 'uni002D', 'uni002E', 'uni0030', 'uni0031', 'uni0032', 'uni0033', 'uni0034', 'uni0035', 'uni0036', 'uni0037', 'uni0038', 'uni0039', 'uni003A', 'uni0041', 'uni0042', 'uni0044', 'uni0045', 'uni0046', 'uni0048', 'uni004B', 'uni004C', 'uni004F', 'uni0050', 'uni0052', 'uni0053', 'uni0054', 'uni0057', 'uni0059', 'uni005A', 'uni0061', 'uni0062', 'uni0063', 'uni0064', 'uni0065', 'uni0066', 'uni0067', 'uni0068', 'uni0069', 'uni006B', 'uni006C', 'uni006D', 'uni006E', 'uni006F', 'uni0070', 'uni0072', 'uni0073', 'uni0074', 'uni0075', 'uni0076', 'uni0077', 'uni0079', 'uni007B', 'uni007D', 'uni00C4']</msg>
<msg timestamp="20221107 14:20:02.153" level="INFO">Glyph IDs:   [0, 1, 2, 3, 65, 84, 95, 137, 161, 270, 280, 320, 374, 382, 395, 409, 456, 469, 493, 504, 575, 582, 594, 612, 645, 650, 660, 679, 715, 723, 752, 759, 775, 827, 837, 867, 884, 899, 932, 936, 950, 1294, 1295, 1296, 1298, 1299, 1300, 1302, 1303, 1304, 1305, 1329, 1345, 1346, 1361, 1404, 1407, 1681]</msg>
<msg timestamp="20221107 14:20:02.153" level="INFO">Closed glyph list over 'glyf': 58 glyphs after</msg>
<msg timestamp="20221107 14:20:02.154" level="INFO">Glyph names: ['.notdef', '.null', 'uni0020', 'uni0021', 'uni002D', 'uni002E', 'uni0030', 'uni0031', 'uni0032', 'uni0033', 'uni0034', 'uni0035', 'uni0036', 'uni0037', 'uni0038', 'uni0039', 'uni003A', 'uni0041', 'uni0042', 'uni0044', 'uni0045', 'uni0046', 'uni0048', 'uni004B', 'uni004C', 'uni004F', 'uni0050', 'uni0052', 'uni0053', 'uni0054', 'uni0057', 'uni0059', 'uni005A', 'uni0061', 'uni0062', 'uni0063', 'uni0064', 'uni0065', 'uni0066', 'uni0067', 'uni0068', 'uni0069', 'uni006B', 'uni006C', 'uni006D', 'uni006E', 'uni006F', 'uni0070', 'uni0072', 'uni0073', 'uni0074', 'uni0075', 'uni0076', 'uni0077', 'uni0079', 'uni007B', 'uni007D', 'uni00C4']</msg>
<msg timestamp="20221107 14:20:02.154" level="INFO">Glyph IDs:   [0, 1, 2, 3, 65, 84, 95, 137, 161, 270, 280, 320, 374, 382, 395, 409, 456, 469, 493, 504, 575, 582, 594, 612, 645, 650, 660, 679, 715, 723, 752, 759, 775, 827, 837, 867, 884, 899, 932, 936, 950, 1294, 1295, 1296, 1298, 1299, 1300, 1302, 1303, 1304, 1305, 1329, 1345, 1346, 1361, 1404, 1407, 1681]</msg>
<msg timestamp="20221107 14:20:02.154" level="INFO">Retaining 58 glyphs</msg>
<msg timestamp="20221107 14:20:02.154" level="INFO">head subsetting not needed</msg>
<msg timestamp="20221107 14:20:02.154" level="INFO">hhea subsetting not needed</msg>
<msg timestamp="20221107 14:20:02.154" level="INFO">maxp subsetting not needed</msg>
<msg timestamp="20221107 14:20:02.155" level="INFO">OS/2 subsetting not needed</msg>
<msg timestamp="20221107 14:20:02.156" level="INFO">hmtx subsetted</msg>
<msg timestamp="20221107 14:20:02.159" level="INFO">cmap subsetted</msg>
<msg timestamp="20221107 14:20:02.160" level="INFO">prep subsetting not needed</msg>
<msg timestamp="20221107 14:20:02.160" level="INFO">loca subsetting not needed</msg>
<msg timestamp="20221107 14:20:02.161" level="INFO">post subsetted</msg>
<msg timestamp="20221107 14:20:02.161" level="INFO">gasp subsetting not needed</msg>
<msg timestamp="20221107 14:20:02.161" level="INFO">STAT subsetting not needed</msg>
<msg timestamp="20221107 14:20:02.162" level="INFO">name subsetting not needed</msg>
<msg timestamp="20221107 14:20:02.162" level="INFO">glyf subsetted</msg>
<msg timestamp="20221107 14:20:02.163" level="INFO">head pruned</msg>
<msg timestamp="20221107 14:20:02.163" level="INFO">OS/2 Unicode ranges pruned: [0]</msg>
<msg timestamp="20221107 14:20:02.164" level="INFO">glyf pruned</msg>
<msg timestamp="20221107 14:20:02.187" level="INFO">maxp pruned</msg>
<msg timestamp="20221107 14:20:02.187" level="INFO">cmap pruned</msg>
<msg timestamp="20221107 14:20:02.188" level="INFO">post pruned</msg>
<msg timestamp="20221107 14:20:02.188" level="INFO">GDEF dropped</msg>
<msg timestamp="20221107 14:20:02.188" level="INFO">GPOS dropped</msg>
<msg timestamp="20221107 14:20:02.188" level="INFO">GSUB dropped</msg>
<msg timestamp="20221107 14:20:02.188" level="INFO">name pruned</msg>
<msg timestamp="20221107 14:20:02.195" level="INFO">glyf pruned</msg>
<msg timestamp="20221107 14:20:02.196" level="INFO">Added gid0 to subset</msg>
<msg timestamp="20221107 14:20:02.197" level="INFO">Added first four glyphs to subset</msg>
<msg timestamp="20221107 14:20:02.197" level="INFO">Closing glyph list over 'glyf': 19 glyphs before</msg>
<msg timestamp="20221107 14:20:02.197" level="INFO">Glyph names: ['.notdef', '.null', 'uni0020', 'uni0030', 'uni0031', 'uni0032', 'uni0033', 'uni0034', 'uni0035', 'uni0036', 'uni0037', 'uni0038', 'uni0039', 'uni0041', 'uni0062', 'uni006E', 'uni007B', 'uni007D', 'uni00C4']</msg>
<msg timestamp="20221107 14:20:02.198" level="INFO">Glyph IDs:   [0, 1, 2, 3, 575, 759, 1294, 1295, 1296, 1298, 1299, 1300, 1302, 1303, 1304, 1305, 1345, 1346, 1681]</msg>
<msg timestamp="20221107 14:20:02.198" level="INFO">Closed glyph list over 'glyf': 19 glyphs after</msg>
<msg timestamp="20221107 14:20:02.199" level="INFO">Glyph names: ['.notdef', '.null', 'uni0020', 'uni0030', 'uni0031', 'uni0032', 'uni0033', 'uni0034', 'uni0035', 'uni0036', 'uni0037', 'uni0038', 'uni0039', 'uni0041', 'uni0062', 'uni006E', 'uni007B', 'uni007D', 'uni00C4']</msg>
<msg timestamp="20221107 14:20:02.199" level="INFO">Glyph IDs:   [0, 1, 2, 3, 575, 759, 1294, 1295, 1296, 1298, 1299, 1300, 1302, 1303, 1304, 1305, 1345, 1346, 1681]</msg>
<msg timestamp="20221107 14:20:02.199" level="INFO">Retaining 19 glyphs</msg>
<msg timestamp="20221107 14:20:02.199" level="INFO">head subsetting not needed</msg>
<msg timestamp="20221107 14:20:02.199" level="INFO">hhea subsetting not needed</msg>
<msg timestamp="20221107 14:20:02.200" level="INFO">maxp subsetting not needed</msg>
<msg timestamp="20221107 14:20:02.200" level="INFO">OS/2 subsetting not needed</msg>
<msg timestamp="20221107 14:20:02.201" level="INFO">hmtx subsetted</msg>
<msg timestamp="20221107 14:20:02.202" level="INFO">cmap subsetted</msg>
<msg timestamp="20221107 14:20:02.202" level="INFO">prep subsetting not needed</msg>
<msg timestamp="20221107 14:20:02.202" level="INFO">loca subsetting not needed</msg>
<msg timestamp="20221107 14:20:02.202" level="INFO">post subsetted</msg>
<msg timestamp="20221107 14:20:02.203" level="INFO">gasp subsetting not needed</msg>
<msg timestamp="20221107 14:20:02.203" level="INFO">STAT subsetting not needed</msg>
<msg timestamp="20221107 14:20:02.203" level="INFO">name subsetting not needed</msg>
<msg timestamp="20221107 14:20:02.203" level="INFO">glyf subsetted</msg>
<msg timestamp="20221107 14:20:02.204" level="INFO">head pruned</msg>
<msg timestamp="20221107 14:20:02.204" level="INFO">OS/2 Unicode ranges pruned: [0]</msg>
<msg timestamp="20221107 14:20:02.204" level="INFO">glyf pruned</msg>
<msg timestamp="20221107 14:20:02.222" level="INFO">maxp pruned</msg>
<msg timestamp="20221107 14:20:02.223" level="INFO">cmap pruned</msg>
<msg timestamp="20221107 14:20:02.223" level="INFO">post pruned</msg>
<msg timestamp="20221107 14:20:02.223" level="INFO">GDEF dropped</msg>
<msg timestamp="20221107 14:20:02.223" level="INFO">GPOS dropped</msg>
<msg timestamp="20221107 14:20:02.223" level="INFO">GSUB dropped</msg>
<msg timestamp="20221107 14:20:02.223" level="INFO">name pruned</msg>
<msg timestamp="20221107 14:20:02.230" level="INFO">glyf pruned</msg>
<msg timestamp="20221107 14:20:02.232" level="INFO">Added gid0 to subset</msg>
<msg timestamp="20221107 14:20:02.232" level="INFO">Added first four glyphs to subset</msg>
<msg timestamp="20221107 14:20:02.232" level="INFO">Closing glyph list over 'glyf': 18 glyphs before</msg>
<msg timestamp="20221107 14:20:02.232" level="INFO">Glyph names: ['.notdef', '.null', 'uni0020', 'uni0030', 'uni0031', 'uni0032', 'uni0033', 'uni0034', 'uni0035', 'uni0036', 'uni0037', 'uni0038', 'uni0039', 'uni0062', 'uni006E', 'uni007B', 'uni007D', 'uni00A0']</msg>
<msg timestamp="20221107 14:20:02.233" level="INFO">Glyph IDs:   [0, 1, 2, 3, 544, 727, 1256, 1257, 1258, 1260, 1261, 1262, 1264, 1265, 1266, 1267, 1307, 1308]</msg>
<msg timestamp="20221107 14:20:02.233" level="INFO">Closed glyph list over 'glyf': 18 glyphs after</msg>
<msg timestamp="20221107 14:20:02.233" level="INFO">Glyph names: ['.notdef', '.null', 'uni0020', 'uni0030', 'uni0031', 'uni0032', 'uni0033', 'uni0034', 'uni0035', 'uni0036', 'uni0037', 'uni0038', 'uni0039', 'uni0062', 'uni006E', 'uni007B', 'uni007D', 'uni00A0']</msg>
<msg timestamp="20221107 14:20:02.233" level="INFO">Glyph IDs:   [0, 1, 2, 3, 544, 727, 1256, 1257, 1258, 1260, 1261, 1262, 1264, 1265, 1266, 1267, 1307, 1308]</msg>
<msg timestamp="20221107 14:20:02.233" level="INFO">Retaining 18 glyphs</msg>
<msg timestamp="20221107 14:20:02.233" level="INFO">head subsetting not needed</msg>
<msg timestamp="20221107 14:20:02.234" level="INFO">hhea subsetting not needed</msg>
<msg timestamp="20221107 14:20:02.234" level="INFO">maxp subsetting not needed</msg>
<msg timestamp="20221107 14:20:02.234" level="INFO">OS/2 subsetting not needed</msg>
<msg timestamp="20221107 14:20:02.235" level="INFO">hmtx subsetted</msg>
<msg timestamp="20221107 14:20:02.236" level="INFO">cmap subsetted</msg>
<msg timestamp="20221107 14:20:02.236" level="INFO">loca subsetting not needed</msg>
<msg timestamp="20221107 14:20:02.236" level="INFO">post subsetted</msg>
<msg timestamp="20221107 14:20:02.236" level="INFO">name subsetting not needed</msg>
<msg timestamp="20221107 14:20:02.237" level="INFO">glyf subsetted</msg>
<msg timestamp="20221107 14:20:02.237" level="INFO">head pruned</msg>
<msg timestamp="20221107 14:20:02.237" level="INFO">OS/2 Unicode ranges pruned: [0]</msg>
<msg timestamp="20221107 14:20:02.238" level="INFO">glyf pruned</msg>
<msg timestamp="20221107 14:20:02.258" level="INFO">maxp pruned</msg>
<msg timestamp="20221107 14:20:02.260" level="INFO">cmap pruned</msg>
<msg timestamp="20221107 14:20:02.260" level="INFO">post pruned</msg>
<msg timestamp="20221107 14:20:02.260" level="INFO">GDEF dropped</msg>
<msg timestamp="20221107 14:20:02.260" level="INFO">GPOS dropped</msg>
<msg timestamp="20221107 14:20:02.262" level="INFO">GSUB dropped</msg>
<msg timestamp="20221107 14:20:02.262" level="INFO">name pruned</msg>
<msg timestamp="20221107 14:20:02.264" level="INFO">glyf pruned</msg>
<msg timestamp="20221107 14:20:02.267" level="INFO">Added gid0 to subset</msg>
<msg timestamp="20221107 14:20:02.267" level="INFO">Added first four glyphs to subset</msg>
<msg timestamp="20221107 14:20:02.267" level="INFO">Closing glyph list over 'glyf': 18 glyphs before</msg>
<msg timestamp="20221107 14:20:02.267" level="INFO">Glyph names: ['.notdef', '.null', 'uni0020', 'uni0030', 'uni0031', 'uni0032', 'uni0033', 'uni0034', 'uni0035', 'uni0036', 'uni0037', 'uni0038', 'uni0039', 'uni0062', 'uni006E', 'uni007B', 'uni007D', 'uni00A0']</msg>
<msg timestamp="20221107 14:20:02.267" level="INFO">Glyph IDs:   [0, 1, 2, 3, 544, 727, 1256, 1257, 1258, 1260, 1261, 1262, 1264, 1265, 1266, 1267, 1307, 1308]</msg>
<msg timestamp="20221107 14:20:02.268" level="INFO">Closed glyph list over 'glyf': 18 glyphs after</msg>
<msg timestamp="20221107 14:20:02.268" level="INFO">Glyph names: ['.notdef', '.null', 'uni0020', 'uni0030', 'uni0031', 'uni0032', 'uni0033', 'uni0034', 'uni0035', 'uni0036', 'uni0037', 'uni0038', 'uni0039', 'uni0062', 'uni006E', 'uni007B', 'uni007D', 'uni00A0']</msg>
<msg timestamp="20221107 14:20:02.268" level="INFO">Glyph IDs:   [0, 1, 2, 3, 544, 727, 1256, 1257, 1258, 1260, 1261, 1262, 1264, 1265, 1266, 1267, 1307, 1308]</msg>
<msg timestamp="20221107 14:20:02.268" level="INFO">Retaining 18 glyphs</msg>
<msg timestamp="20221107 14:20:02.269" level="INFO">head subsetting not needed</msg>
<msg timestamp="20221107 14:20:02.269" level="INFO">hhea subsetting not needed</msg>
<msg timestamp="20221107 14:20:02.269" level="INFO">maxp subsetting not needed</msg>
<msg timestamp="20221107 14:20:02.269" level="INFO">OS/2 subsetting not needed</msg>
<msg timestamp="20221107 14:20:02.270" level="INFO">hmtx subsetted</msg>
<msg timestamp="20221107 14:20:02.271" level="INFO">cmap subsetted</msg>
<msg timestamp="20221107 14:20:02.271" level="INFO">loca subsetting not needed</msg>
<msg timestamp="20221107 14:20:02.271" level="INFO">post subsetted</msg>
<msg timestamp="20221107 14:20:02.271" level="INFO">name subsetting not needed</msg>
<msg timestamp="20221107 14:20:02.272" level="INFO">glyf subsetted</msg>
<msg timestamp="20221107 14:20:02.272" level="INFO">head pruned</msg>
<msg timestamp="20221107 14:20:02.272" level="INFO">OS/2 Unicode ranges pruned: [0]</msg>
<msg timestamp="20221107 14:20:02.273" level="INFO">glyf pruned</msg>
<status status="PASS" starttime="20221107 14:20:02.042" endtime="20221107 14:20:02.284"/>
</kw>
<return>
<value>${pdf_file_full_path}</value>
<status status="PASS" starttime="20221107 14:20:02.284" endtime="20221107 14:20:02.284"/>
</return>
<msg timestamp="20221107 14:20:02.284" level="INFO">${pdf} = c:\Users\mcarpenter\Documents\Robots\my-first-robot\output\receipts\1_Receipt.pdf</msg>
<status status="PASS" starttime="20221107 14:20:02.022" endtime="20221107 14:20:02.285"/>
</kw>
<kw name="Take a screenshot of the robot">
<var>${screenshot}</var>
<arg>${row}</arg>
<kw name="Set Variable" library="BuiltIn">
<var>${screenshot}</var>
<arg>${RECEIPTS_DIR}${/}${order_row}[Order number]_Robot.png</arg>
<doc>Returns the given values which can then be assigned to a variables.</doc>
<msg timestamp="20221107 14:20:02.286" level="INFO">${screenshot} = c:\Users\mcarpenter\Documents\Robots\my-first-robot\output\receipts\1_Robot.png</msg>
<status status="PASS" starttime="20221107 14:20:02.285" endtime="20221107 14:20:02.286"/>
</kw>
<kw name="Take Screenshot" library="RPA.Browser.Playwright">
<arg>${screenshot}</arg>
<arg>id=robot-preview-image</arg>
<tag>PageContent</tag>
<doc>Takes a screenshot of the current window or element and saves it to disk.</doc>
<msg timestamp="20221107 14:20:02.437" level="INFO" html="true">&lt;/td&gt;&lt;/tr&gt;&lt;tr&gt;&lt;td colspan="3"&gt;&lt;a href="receipts/1_Robot.png"&gt;&lt;img src="receipts/1_Robot.png" width="800px"&gt;&lt;/a&gt;</msg>
<status status="PASS" starttime="20221107 14:20:02.286" endtime="20221107 14:20:02.438"/>
</kw>
<return>
<value>${screenshot}</value>
<status status="PASS" starttime="20221107 14:20:02.438" endtime="20221107 14:20:02.438"/>
</return>
<msg timestamp="20221107 14:20:02.438" level="INFO">${screenshot} = c:\Users\mcarpenter\Documents\Robots\my-first-robot\output\receipts\1_Robot.png</msg>
<status status="PASS" starttime="20221107 14:20:02.285" endtime="20221107 14:20:02.439"/>
</kw>
<kw name="Embed the robot screenshot to the receipt PDF file">
<arg>${screenshot}</arg>
<arg>${pdf}</arg>
<kw name="Open Pdf" library="RPA.PDF">
<arg>${pdf}</arg>
<doc>Open a PDF document for reading.</doc>
<status status="PASS" starttime="20221107 14:20:02.439" endtime="20221107 14:20:02.442"/>
</kw>
<kw name="Create List" library="BuiltIn">
<var>${files}</var>
<arg>${screenshot}</arg>
<doc>Returns a list containing given items.</doc>
<msg timestamp="20221107 14:20:02.445" level="INFO">${files} = ['c:\\Users\\mcarpenter\\Documents\\Robots\\my-first-robot\\output\\receipts\\1_Robot.png']</msg>
<status status="PASS" starttime="20221107 14:20:02.444" endtime="20221107 14:20:02.445"/>
</kw>
<kw name="Add Files To Pdf" library="RPA.PDF">
<arg>${files}</arg>
<arg>${pdf}</arg>
<arg>append=True</arg>
<doc>Add images and/or pdfs to new PDF document</doc>
<msg timestamp="20221107 14:20:02.449" level="INFO">Adding page: 0</msg>
<msg timestamp="20221107 14:20:02.450" level="INFO">File c:\Users\mcarpenter\Documents\Robots\my-first-robot\output\receipts\1_Robot.png type: png</msg>
<msg timestamp="20221107 14:20:02.450" level="INFO">Image parameters: {}</msg>
<status status="PASS" starttime="20221107 14:20:02.446" endtime="20221107 14:20:02.566"/>
</kw>
<status status="PASS" starttime="20221107 14:20:02.439" endtime="20221107 14:20:02.566"/>
</kw>
<kw name="Go to order another robot">
<kw name="Click" library="RPA.Browser.Playwright">
<arg>id=order-another</arg>
<tag>PageContent</tag>
<tag>Setter</tag>
<doc>Simulates mouse click on the element found by ``selector``.</doc>
<status status="PASS" starttime="20221107 14:20:02.567" endtime="20221107 14:20:02.681"/>
</kw>
<status status="PASS" starttime="20221107 14:20:02.566" endtime="20221107 14:20:02.682"/>
</kw>
<status status="PASS" starttime="20221107 14:20:01.551" endtime="20221107 14:20:02.682"/>
</iter>
<iter>
<var name="${row}">{'Order number': '2', 'Head': '4', 'Body': '1', 'Legs': '5', 'Address': 'Address 456'}</var>
<kw name="Close the annoying modal">
<kw name="Click" library="RPA.Browser.Playwright">
<arg>xpath=//button[contains(.,'Yep')]</arg>
<tag>PageContent</tag>
<tag>Setter</tag>
<doc>Simulates mouse click on the element found by ``selector``.</doc>
<status status="PASS" starttime="20221107 14:20:02.683" endtime="20221107 14:20:02.753"/>
</kw>
<status status="PASS" starttime="20221107 14:20:02.682" endtime="20221107 14:20:02.753"/>
</kw>
<kw name="Fill the form">
<arg>${row}</arg>
<kw name="Select Options By" library="RPA.Browser.Playwright">
<arg>select[id=head]</arg>
<arg>value</arg>
<arg>${order_row}[Head]</arg>
<tag>PageContent</tag>
<tag>Setter</tag>
<doc>Selects options from select element found by ``selector``.</doc>
<status status="PASS" starttime="20221107 14:20:02.754" endtime="20221107 14:20:02.787"/>
</kw>
<kw name="Check Checkbox" library="RPA.Browser.Playwright">
<arg>id=id-body-${order_row}[Body]</arg>
<tag>PageContent</tag>
<tag>Setter</tag>
<doc>Checks the checkbox or selects radio button found by ``selector``.</doc>
<status status="PASS" starttime="20221107 14:20:02.787" endtime="20221107 14:20:02.821"/>
</kw>
<kw name="Type Text" library="RPA.Browser.Playwright">
<arg>xpath=//label[contains(.,'3. Legs:')]/../input</arg>
<arg>${order_row}[Legs]</arg>
<tag>PageContent</tag>
<tag>Setter</tag>
<doc>Types the given ``txt`` into the text field found by ``selector``.</doc>
<msg timestamp="20221107 14:20:02.823" level="INFO">Types the text '5' in the given field.</msg>
<status status="PASS" starttime="20221107 14:20:02.822" endtime="20221107 14:20:02.855"/>
</kw>
<kw name="Type Text" library="RPA.Browser.Playwright">
<arg>id=address</arg>
<arg>${order_row}[Address]</arg>
<tag>PageContent</tag>
<tag>Setter</tag>
<doc>Types the given ``txt`` into the text field found by ``selector``.</doc>
<msg timestamp="20221107 14:20:02.856" level="INFO">Types the text 'Address 456' in the given field.</msg>
<status status="PASS" starttime="20221107 14:20:02.856" endtime="20221107 14:20:02.919"/>
</kw>
<status status="PASS" starttime="20221107 14:20:02.753" endtime="20221107 14:20:02.919"/>
</kw>
<kw name="Preview the robot">
<kw name="Click" library="RPA.Browser.Playwright">
<arg>id=preview</arg>
<tag>PageContent</tag>
<tag>Setter</tag>
<doc>Simulates mouse click on the element found by ``selector``.</doc>
<status status="PASS" starttime="20221107 14:20:02.920" endtime="20221107 14:20:02.982"/>
</kw>
<status status="PASS" starttime="20221107 14:20:02.919" endtime="20221107 14:20:02.983"/>
</kw>
<kw name="Wait Until Keyword Succeeds" library="BuiltIn">
<arg>3x</arg>
<arg>1s</arg>
<arg>Submit the order</arg>
<doc>Runs the specified keyword and retries if it fails.</doc>
<kw name="Submit the order">
<kw name="Click" library="RPA.Browser.Playwright">
<arg>id=order</arg>
<tag>PageContent</tag>
<tag>Setter</tag>
<doc>Simulates mouse click on the element found by ``selector``.</doc>
<status status="PASS" starttime="20221107 14:20:02.984" endtime="20221107 14:20:03.050"/>
</kw>
<kw name="Wait For Elements State" library="RPA.Browser.Playwright">
<arg>id=receipt</arg>
<arg>timeout=3s</arg>
<tag>PageContent</tag>
<tag>Wait</tag>
<doc>Waits for the element found by ``selector`` to satisfy state option.</doc>
<msg timestamp="20221107 14:20:03.063" level="INFO">Waited for Element with selector id=receipt at state visible</msg>
<status status="PASS" starttime="20221107 14:20:03.051" endtime="20221107 14:20:03.063"/>
</kw>
<status status="PASS" starttime="20221107 14:20:02.984" endtime="20221107 14:20:03.064"/>
</kw>
<status status="PASS" starttime="20221107 14:20:02.983" endtime="20221107 14:20:03.064"/>
</kw>
<kw name="Store the receipt as a PDF file">
<var>${pdf}</var>
<arg>${row}</arg>
<kw name="Set Variable" library="BuiltIn">
<var>${pdf_file_full_path}</var>
<arg>${RECEIPTS_DIR}${/}${order_row}[Order number]_Receipt.pdf</arg>
<doc>Returns the given values which can then be assigned to a variables.</doc>
<msg timestamp="20221107 14:20:03.065" level="INFO">${pdf_file_full_path} = c:\Users\mcarpenter\Documents\Robots\my-first-robot\output\receipts\2_Receipt.pdf</msg>
<status status="PASS" starttime="20221107 14:20:03.065" endtime="20221107 14:20:03.067"/>
</kw>
<kw name="Get Property" library="RPA.Browser.Playwright">
<var>${robot_receipt_html}</var>
<arg>id=receipt</arg>
<arg>outerHTML</arg>
<tag>Assertion</tag>
<tag>Getter</tag>
<tag>PageContent</tag>
<doc>Returns the ``property`` of the element found by ``selector``.</doc>
<msg timestamp="20221107 14:20:03.093" level="INFO">${robot_receipt_html} = &lt;div id="receipt" class="alert alert-success" role="alert"&gt;&lt;h3&gt;Receipt&lt;/h3&gt;&lt;div&gt;2022-11-07T19:20:03.040Z&lt;/div&gt;&lt;p class="badge badge-success"&gt;RSB-ROBO-ORDER-U5JW3UTI0A&lt;/p&gt;&lt;p&gt;Address 456&lt;/p&gt;&lt;div id="par...</msg>
<status status="PASS" starttime="20221107 14:20:03.067" endtime="20221107 14:20:03.093"/>
</kw>
<kw name="Html To Pdf" library="RPA.PDF">
<arg>${robot_receipt_html}</arg>
<arg>${pdf_file_full_path}</arg>
<doc>Generate a PDF file from HTML content.</doc>
<msg timestamp="20221107 14:20:03.097" level="INFO">Writing output to file C:\Users\mcarpenter\Documents\Robots\my-first-robot\output\receipts\2_Receipt.pdf</msg>
<msg timestamp="20221107 14:20:03.181" level="INFO">maxp pruned</msg>
<msg timestamp="20221107 14:20:03.181" level="INFO">cmap pruned</msg>
<msg timestamp="20221107 14:20:03.181" level="INFO">post pruned</msg>
<msg timestamp="20221107 14:20:03.182" level="INFO">GDEF dropped</msg>
<msg timestamp="20221107 14:20:03.182" level="INFO">GPOS dropped</msg>
<msg timestamp="20221107 14:20:03.182" level="INFO">GSUB dropped</msg>
<msg timestamp="20221107 14:20:03.182" level="INFO">name pruned</msg>
<msg timestamp="20221107 14:20:03.185" level="INFO">glyf pruned</msg>
<msg timestamp="20221107 14:20:03.185" level="INFO">Added gid0 to subset</msg>
<msg timestamp="20221107 14:20:03.185" level="INFO">Added first four glyphs to subset</msg>
<msg timestamp="20221107 14:20:03.185" level="INFO">Closing glyph list over 'glyf': 58 glyphs before</msg>
<msg timestamp="20221107 14:20:03.185" level="INFO">Glyph names: ['.notdef', '.null', 'uni0020', 'uni0021', 'uni002D', 'uni002E', 'uni0030', 'uni0031', 'uni0032', 'uni0033', 'uni0034', 'uni0035', 'uni0036', 'uni0037', 'uni0038', 'uni0039', 'uni003A', 'uni0041', 'uni0042', 'uni0044', 'uni0045', 'uni0048', 'uni0049', 'uni004A', 'uni004C', 'uni004F', 'uni0052', 'uni0053', 'uni0054', 'uni0055', 'uni0057', 'uni0059', 'uni005A', 'uni0061', 'uni0062', 'uni0063', 'uni0064', 'uni0065', 'uni0066', 'uni0067', 'uni0068', 'uni0069', 'uni006B', 'uni006C', 'uni006D', 'uni006E', 'uni006F', 'uni0070', 'uni0072', 'uni0073', 'uni0074', 'uni0075', 'uni0076', 'uni0077', 'uni0079', 'uni007B', 'uni007D', 'uni00C4']</msg>
<msg timestamp="20221107 14:20:03.186" level="INFO">Glyph IDs:   [0, 1, 2, 3, 65, 84, 95, 161, 197, 265, 280, 320, 382, 395, 409, 421, 456, 469, 493, 504, 575, 582, 594, 612, 645, 650, 660, 679, 715, 723, 752, 759, 775, 827, 837, 867, 884, 899, 932, 936, 950, 1294, 1295, 1296, 1298, 1299, 1300, 1302, 1303, 1304, 1305, 1329, 1345, 1346, 1361, 1404, 1407, 1681]</msg>
<msg timestamp="20221107 14:20:03.186" level="INFO">Closed glyph list over 'glyf': 58 glyphs after</msg>
<msg timestamp="20221107 14:20:03.186" level="INFO">Glyph names: ['.notdef', '.null', 'uni0020', 'uni0021', 'uni002D', 'uni002E', 'uni0030', 'uni0031', 'uni0032', 'uni0033', 'uni0034', 'uni0035', 'uni0036', 'uni0037', 'uni0038', 'uni0039', 'uni003A', 'uni0041', 'uni0042', 'uni0044', 'uni0045', 'uni0048', 'uni0049', 'uni004A', 'uni004C', 'uni004F', 'uni0052', 'uni0053', 'uni0054', 'uni0055', 'uni0057', 'uni0059', 'uni005A', 'uni0061', 'uni0062', 'uni0063', 'uni0064', 'uni0065', 'uni0066', 'uni0067', 'uni0068', 'uni0069', 'uni006B', 'uni006C', 'uni006D', 'uni006E', 'uni006F', 'uni0070', 'uni0072', 'uni0073', 'uni0074', 'uni0075', 'uni0076', 'uni0077', 'uni0079', 'uni007B', 'uni007D', 'uni00C4']</msg>
<msg timestamp="20221107 14:20:03.187" level="INFO">Glyph IDs:   [0, 1, 2, 3, 65, 84, 95, 161, 197, 265, 280, 320, 382, 395, 409, 421, 456, 469, 493, 504, 575, 582, 594, 612, 645, 650, 660, 679, 715, 723, 752, 759, 775, 827, 837, 867, 884, 899, 932, 936, 950, 1294, 1295, 1296, 1298, 1299, 1300, 1302, 1303, 1304, 1305, 1329, 1345, 1346, 1361, 1404, 1407, 1681]</msg>
<msg timestamp="20221107 14:20:03.187" level="INFO">Retaining 58 glyphs</msg>
<msg timestamp="20221107 14:20:03.187" level="INFO">head subsetting not needed</msg>
<msg timestamp="20221107 14:20:03.188" level="INFO">hhea subsetting not needed</msg>
<msg timestamp="20221107 14:20:03.188" level="INFO">maxp subsetting not needed</msg>
<msg timestamp="20221107 14:20:03.188" level="INFO">OS/2 subsetting not needed</msg>
<msg timestamp="20221107 14:20:03.193" level="INFO">hmtx subsetted</msg>
<msg timestamp="20221107 14:20:03.195" level="INFO">cmap subsetted</msg>
<msg timestamp="20221107 14:20:03.196" level="INFO">prep subsetting not needed</msg>
<msg timestamp="20221107 14:20:03.197" level="INFO">loca subsetting not needed</msg>
<msg timestamp="20221107 14:20:03.197" level="INFO">post subsetted</msg>
<msg timestamp="20221107 14:20:03.197" level="INFO">gasp subsetting not needed</msg>
<msg timestamp="20221107 14:20:03.198" level="INFO">STAT subsetting not needed</msg>
<msg timestamp="20221107 14:20:03.198" level="INFO">name subsetting not needed</msg>
<msg timestamp="20221107 14:20:03.200" level="INFO">glyf subsetted</msg>
<msg timestamp="20221107 14:20:03.200" level="INFO">head pruned</msg>
<msg timestamp="20221107 14:20:03.201" level="INFO">OS/2 Unicode ranges pruned: [0]</msg>
<msg timestamp="20221107 14:20:03.202" level="INFO">glyf pruned</msg>
<msg timestamp="20221107 14:20:03.231" level="INFO">maxp pruned</msg>
<msg timestamp="20221107 14:20:03.231" level="INFO">cmap pruned</msg>
<msg timestamp="20221107 14:20:03.231" level="INFO">post pruned</msg>
<msg timestamp="20221107 14:20:03.232" level="INFO">GDEF dropped</msg>
<msg timestamp="20221107 14:20:03.232" level="INFO">GPOS dropped</msg>
<msg timestamp="20221107 14:20:03.232" level="INFO">GSUB dropped</msg>
<msg timestamp="20221107 14:20:03.232" level="INFO">name pruned</msg>
<msg timestamp="20221107 14:20:03.235" level="INFO">glyf pruned</msg>
<msg timestamp="20221107 14:20:03.235" level="INFO">Added gid0 to subset</msg>
<msg timestamp="20221107 14:20:03.235" level="INFO">Added first four glyphs to subset</msg>
<msg timestamp="20221107 14:20:03.235" level="INFO">Closing glyph list over 'glyf': 19 glyphs before</msg>
<msg timestamp="20221107 14:20:03.235" level="INFO">Glyph names: ['.notdef', '.null', 'uni0020', 'uni0030', 'uni0031', 'uni0032', 'uni0033', 'uni0034', 'uni0035', 'uni0036', 'uni0037', 'uni0038', 'uni0039', 'uni0041', 'uni0062', 'uni006E', 'uni007B', 'uni007D', 'uni00C4']</msg>
<msg timestamp="20221107 14:20:03.236" level="INFO">Glyph IDs:   [0, 1, 2, 3, 575, 759, 1294, 1295, 1296, 1298, 1299, 1300, 1302, 1303, 1304, 1305, 1345, 1346, 1681]</msg>
<msg timestamp="20221107 14:20:03.236" level="INFO">Closed glyph list over 'glyf': 19 glyphs after</msg>
<msg timestamp="20221107 14:20:03.237" level="INFO">Glyph names: ['.notdef', '.null', 'uni0020', 'uni0030', 'uni0031', 'uni0032', 'uni0033', 'uni0034', 'uni0035', 'uni0036', 'uni0037', 'uni0038', 'uni0039', 'uni0041', 'uni0062', 'uni006E', 'uni007B', 'uni007D', 'uni00C4']</msg>
<msg timestamp="20221107 14:20:03.237" level="INFO">Glyph IDs:   [0, 1, 2, 3, 575, 759, 1294, 1295, 1296, 1298, 1299, 1300, 1302, 1303, 1304, 1305, 1345, 1346, 1681]</msg>
<msg timestamp="20221107 14:20:03.237" level="INFO">Retaining 19 glyphs</msg>
<msg timestamp="20221107 14:20:03.238" level="INFO">head subsetting not needed</msg>
<msg timestamp="20221107 14:20:03.238" level="INFO">hhea subsetting not needed</msg>
<msg timestamp="20221107 14:20:03.238" level="INFO">maxp subsetting not needed</msg>
<msg timestamp="20221107 14:20:03.238" level="INFO">OS/2 subsetting not needed</msg>
<msg timestamp="20221107 14:20:03.239" level="INFO">hmtx subsetted</msg>
<msg timestamp="20221107 14:20:03.243" level="INFO">cmap subsetted</msg>
<msg timestamp="20221107 14:20:03.243" level="INFO">prep subsetting not needed</msg>
<msg timestamp="20221107 14:20:03.243" level="INFO">loca subsetting not needed</msg>
<msg timestamp="20221107 14:20:03.243" level="INFO">post subsetted</msg>
<msg timestamp="20221107 14:20:03.243" level="INFO">gasp subsetting not needed</msg>
<msg timestamp="20221107 14:20:03.243" level="INFO">STAT subsetting not needed</msg>
<msg timestamp="20221107 14:20:03.243" level="INFO">name subsetting not needed</msg>
<msg timestamp="20221107 14:20:03.244" level="INFO">glyf subsetted</msg>
<msg timestamp="20221107 14:20:03.246" level="INFO">head pruned</msg>
<msg timestamp="20221107 14:20:03.246" level="INFO">OS/2 Unicode ranges pruned: [0]</msg>
<msg timestamp="20221107 14:20:03.247" level="INFO">glyf pruned</msg>
<msg timestamp="20221107 14:20:03.267" level="INFO">maxp pruned</msg>
<msg timestamp="20221107 14:20:03.267" level="INFO">cmap pruned</msg>
<msg timestamp="20221107 14:20:03.267" level="INFO">post pruned</msg>
<msg timestamp="20221107 14:20:03.267" level="INFO">GDEF dropped</msg>
<msg timestamp="20221107 14:20:03.268" level="INFO">GPOS dropped</msg>
<msg timestamp="20221107 14:20:03.268" level="INFO">GSUB dropped</msg>
<msg timestamp="20221107 14:20:03.268" level="INFO">name pruned</msg>
<msg timestamp="20221107 14:20:03.270" level="INFO">glyf pruned</msg>
<msg timestamp="20221107 14:20:03.275" level="INFO">Added gid0 to subset</msg>
<msg timestamp="20221107 14:20:03.275" level="INFO">Added first four glyphs to subset</msg>
<msg timestamp="20221107 14:20:03.276" level="INFO">Closing glyph list over 'glyf': 18 glyphs before</msg>
<msg timestamp="20221107 14:20:03.276" level="INFO">Glyph names: ['.notdef', '.null', 'uni0020', 'uni0030', 'uni0031', 'uni0032', 'uni0033', 'uni0034', 'uni0035', 'uni0036', 'uni0037', 'uni0038', 'uni0039', 'uni0062', 'uni006E', 'uni007B', 'uni007D', 'uni00A0']</msg>
<msg timestamp="20221107 14:20:03.277" level="INFO">Glyph IDs:   [0, 1, 2, 3, 544, 727, 1256, 1257, 1258, 1260, 1261, 1262, 1264, 1265, 1266, 1267, 1307, 1308]</msg>
<msg timestamp="20221107 14:20:03.277" level="INFO">Closed glyph list over 'glyf': 18 glyphs after</msg>
<msg timestamp="20221107 14:20:03.278" level="INFO">Glyph names: ['.notdef', '.null', 'uni0020', 'uni0030', 'uni0031', 'uni0032', 'uni0033', 'uni0034', 'uni0035', 'uni0036', 'uni0037', 'uni0038', 'uni0039', 'uni0062', 'uni006E', 'uni007B', 'uni007D', 'uni00A0']</msg>
<msg timestamp="20221107 14:20:03.278" level="INFO">Glyph IDs:   [0, 1, 2, 3, 544, 727, 1256, 1257, 1258, 1260, 1261, 1262, 1264, 1265, 1266, 1267, 1307, 1308]</msg>
<msg timestamp="20221107 14:20:03.278" level="INFO">Retaining 18 glyphs</msg>
<msg timestamp="20221107 14:20:03.279" level="INFO">head subsetting not needed</msg>
<msg timestamp="20221107 14:20:03.279" level="INFO">hhea subsetting not needed</msg>
<msg timestamp="20221107 14:20:03.279" level="INFO">maxp subsetting not needed</msg>
<msg timestamp="20221107 14:20:03.279" level="INFO">OS/2 subsetting not needed</msg>
<msg timestamp="20221107 14:20:03.280" level="INFO">hmtx subsetted</msg>
<msg timestamp="20221107 14:20:03.281" level="INFO">cmap subsetted</msg>
<msg timestamp="20221107 14:20:03.281" level="INFO">loca subsetting not needed</msg>
<msg timestamp="20221107 14:20:03.281" level="INFO">post subsetted</msg>
<msg timestamp="20221107 14:20:03.281" level="INFO">name subsetting not needed</msg>
<msg timestamp="20221107 14:20:03.282" level="INFO">glyf subsetted</msg>
<msg timestamp="20221107 14:20:03.282" level="INFO">head pruned</msg>
<msg timestamp="20221107 14:20:03.283" level="INFO">OS/2 Unicode ranges pruned: [0]</msg>
<msg timestamp="20221107 14:20:03.283" level="INFO">glyf pruned</msg>
<msg timestamp="20221107 14:20:03.299" level="INFO">maxp pruned</msg>
<msg timestamp="20221107 14:20:03.300" level="INFO">cmap pruned</msg>
<msg timestamp="20221107 14:20:03.300" level="INFO">post pruned</msg>
<msg timestamp="20221107 14:20:03.300" level="INFO">GDEF dropped</msg>
<msg timestamp="20221107 14:20:03.300" level="INFO">GPOS dropped</msg>
<msg timestamp="20221107 14:20:03.300" level="INFO">GSUB dropped</msg>
<msg timestamp="20221107 14:20:03.300" level="INFO">name pruned</msg>
<msg timestamp="20221107 14:20:03.303" level="INFO">glyf pruned</msg>
<msg timestamp="20221107 14:20:03.305" level="INFO">Added gid0 to subset</msg>
<msg timestamp="20221107 14:20:03.305" level="INFO">Added first four glyphs to subset</msg>
<msg timestamp="20221107 14:20:03.305" level="INFO">Closing glyph list over 'glyf': 18 glyphs before</msg>
<msg timestamp="20221107 14:20:03.305" level="INFO">Glyph names: ['.notdef', '.null', 'uni0020', 'uni0030', 'uni0031', 'uni0032', 'uni0033', 'uni0034', 'uni0035', 'uni0036', 'uni0037', 'uni0038', 'uni0039', 'uni0062', 'uni006E', 'uni007B', 'uni007D', 'uni00A0']</msg>
<msg timestamp="20221107 14:20:03.305" level="INFO">Glyph IDs:   [0, 1, 2, 3, 544, 727, 1256, 1257, 1258, 1260, 1261, 1262, 1264, 1265, 1266, 1267, 1307, 1308]</msg>
<msg timestamp="20221107 14:20:03.306" level="INFO">Closed glyph list over 'glyf': 18 glyphs after</msg>
<msg timestamp="20221107 14:20:03.306" level="INFO">Glyph names: ['.notdef', '.null', 'uni0020', 'uni0030', 'uni0031', 'uni0032', 'uni0033', 'uni0034', 'uni0035', 'uni0036', 'uni0037', 'uni0038', 'uni0039', 'uni0062', 'uni006E', 'uni007B', 'uni007D', 'uni00A0']</msg>
<msg timestamp="20221107 14:20:03.306" level="INFO">Glyph IDs:   [0, 1, 2, 3, 544, 727, 1256, 1257, 1258, 1260, 1261, 1262, 1264, 1265, 1266, 1267, 1307, 1308]</msg>
<msg timestamp="20221107 14:20:03.309" level="INFO">Retaining 18 glyphs</msg>
<msg timestamp="20221107 14:20:03.309" level="INFO">head subsetting not needed</msg>
<msg timestamp="20221107 14:20:03.309" level="INFO">hhea subsetting not needed</msg>
<msg timestamp="20221107 14:20:03.309" level="INFO">maxp subsetting not needed</msg>
<msg timestamp="20221107 14:20:03.309" level="INFO">OS/2 subsetting not needed</msg>
<msg timestamp="20221107 14:20:03.311" level="INFO">hmtx subsetted</msg>
<msg timestamp="20221107 14:20:03.312" level="INFO">cmap subsetted</msg>
<msg timestamp="20221107 14:20:03.312" level="INFO">loca subsetting not needed</msg>
<msg timestamp="20221107 14:20:03.312" level="INFO">post subsetted</msg>
<msg timestamp="20221107 14:20:03.313" level="INFO">name subsetting not needed</msg>
<msg timestamp="20221107 14:20:03.313" level="INFO">glyf subsetted</msg>
<msg timestamp="20221107 14:20:03.313" level="INFO">head pruned</msg>
<msg timestamp="20221107 14:20:03.313" level="INFO">OS/2 Unicode ranges pruned: [0]</msg>
<msg timestamp="20221107 14:20:03.313" level="INFO">glyf pruned</msg>
<status status="PASS" starttime="20221107 14:20:03.094" endtime="20221107 14:20:03.327"/>
</kw>
<return>
<value>${pdf_file_full_path}</value>
<status status="PASS" starttime="20221107 14:20:03.328" endtime="20221107 14:20:03.329"/>
</return>
<msg timestamp="20221107 14:20:03.329" level="INFO">${pdf} = c:\Users\mcarpenter\Documents\Robots\my-first-robot\output\receipts\2_Receipt.pdf</msg>
<status status="PASS" starttime="20221107 14:20:03.064" endtime="20221107 14:20:03.329"/>
</kw>
<kw name="Take a screenshot of the robot">
<var>${screenshot}</var>
<arg>${row}</arg>
<kw name="Set Variable" library="BuiltIn">
<var>${screenshot}</var>
<arg>${RECEIPTS_DIR}${/}${order_row}[Order number]_Robot.png</arg>
<doc>Returns the given values which can then be assigned to a variables.</doc>
<msg timestamp="20221107 14:20:03.331" level="INFO">${screenshot} = c:\Users\mcarpenter\Documents\Robots\my-first-robot\output\receipts\2_Robot.png</msg>
<status status="PASS" starttime="20221107 14:20:03.330" endtime="20221107 14:20:03.331"/>
</kw>
<kw name="Take Screenshot" library="RPA.Browser.Playwright">
<arg>${screenshot}</arg>
<arg>id=robot-preview-image</arg>
<tag>PageContent</tag>
<doc>Takes a screenshot of the current window or element and saves it to disk.</doc>
<msg timestamp="20221107 14:20:03.453" level="INFO" html="true">&lt;/td&gt;&lt;/tr&gt;&lt;tr&gt;&lt;td colspan="3"&gt;&lt;a href="receipts/2_Robot.png"&gt;&lt;img src="receipts/2_Robot.png" width="800px"&gt;&lt;/a&gt;</msg>
<status status="PASS" starttime="20221107 14:20:03.331" endtime="20221107 14:20:03.454"/>
</kw>
<return>
<value>${screenshot}</value>
<status status="PASS" starttime="20221107 14:20:03.454" endtime="20221107 14:20:03.454"/>
</return>
<msg timestamp="20221107 14:20:03.455" level="INFO">${screenshot} = c:\Users\mcarpenter\Documents\Robots\my-first-robot\output\receipts\2_Robot.png</msg>
<status status="PASS" starttime="20221107 14:20:03.329" endtime="20221107 14:20:03.455"/>
</kw>
<kw name="Embed the robot screenshot to the receipt PDF file">
<arg>${screenshot}</arg>
<arg>${pdf}</arg>
<kw name="Open Pdf" library="RPA.PDF">
<arg>${pdf}</arg>
<doc>Open a PDF document for reading.</doc>
<status status="PASS" starttime="20221107 14:20:03.455" endtime="20221107 14:20:03.456"/>
</kw>
<kw name="Create List" library="BuiltIn">
<var>${files}</var>
<arg>${screenshot}</arg>
<doc>Returns a list containing given items.</doc>
<msg timestamp="20221107 14:20:03.460" level="INFO">${files} = ['c:\\Users\\mcarpenter\\Documents\\Robots\\my-first-robot\\output\\receipts\\2_Robot.png']</msg>
<status status="PASS" starttime="20221107 14:20:03.458" endtime="20221107 14:20:03.460"/>
</kw>
<kw name="Add Files To Pdf" library="RPA.PDF">
<arg>${files}</arg>
<arg>${pdf}</arg>
<arg>append=True</arg>
<doc>Add images and/or pdfs to new PDF document</doc>
<msg timestamp="20221107 14:20:03.464" level="INFO">Adding page: 0</msg>
<msg timestamp="20221107 14:20:03.465" level="INFO">File c:\Users\mcarpenter\Documents\Robots\my-first-robot\output\receipts\2_Robot.png type: png</msg>
<msg timestamp="20221107 14:20:03.466" level="INFO">Image parameters: {}</msg>
<status status="PASS" starttime="20221107 14:20:03.461" endtime="20221107 14:20:03.498"/>
</kw>
<status status="PASS" starttime="20221107 14:20:03.455" endtime="20221107 14:20:03.499"/>
</kw>
<kw name="Go to order another robot">
<kw name="Click" library="RPA.Browser.Playwright">
<arg>id=order-another</arg>
<tag>PageContent</tag>
<tag>Setter</tag>
<doc>Simulates mouse click on the element found by ``selector``.</doc>
<status status="PASS" starttime="20221107 14:20:03.499" endtime="20221107 14:20:03.597"/>
</kw>
<status status="PASS" starttime="20221107 14:20:03.499" endtime="20221107 14:20:03.597"/>
</kw>
<status status="PASS" starttime="20221107 14:20:02.682" endtime="20221107 14:20:03.597"/>
</iter>
<iter>
<var name="${row}">{'Order number': '3', 'Head': '6', 'Body': '2', 'Legs': '3', 'Address': 'Address 789'}</var>
<kw name="Close the annoying modal">
<kw name="Click" library="RPA.Browser.Playwright">
<arg>xpath=//button[contains(.,'Yep')]</arg>
<tag>PageContent</tag>
<tag>Setter</tag>
<doc>Simulates mouse click on the element found by ``selector``.</doc>
<status status="PASS" starttime="20221107 14:20:03.598" endtime="20221107 14:20:03.676"/>
</kw>
<status status="PASS" starttime="20221107 14:20:03.598" endtime="20221107 14:20:03.676"/>
</kw>
<kw name="Fill the form">
<arg>${row}</arg>
<kw name="Select Options By" library="RPA.Browser.Playwright">
<arg>select[id=head]</arg>
<arg>value</arg>
<arg>${order_row}[Head]</arg>
<tag>PageContent</tag>
<tag>Setter</tag>
<doc>Selects options from select element found by ``selector``.</doc>
<status status="PASS" starttime="20221107 14:20:03.677" endtime="20221107 14:20:03.716"/>
</kw>
<kw name="Check Checkbox" library="RPA.Browser.Playwright">
<arg>id=id-body-${order_row}[Body]</arg>
<tag>PageContent</tag>
<tag>Setter</tag>
<doc>Checks the checkbox or selects radio button found by ``selector``.</doc>
<status status="PASS" starttime="20221107 14:20:03.717" endtime="20221107 14:20:03.776"/>
</kw>
<kw name="Type Text" library="RPA.Browser.Playwright">
<arg>xpath=//label[contains(.,'3. Legs:')]/../input</arg>
<arg>${order_row}[Legs]</arg>
<tag>PageContent</tag>
<tag>Setter</tag>
<doc>Types the given ``txt`` into the text field found by ``selector``.</doc>
<msg timestamp="20221107 14:20:03.777" level="INFO">Types the text '3' in the given field.</msg>
<status status="PASS" starttime="20221107 14:20:03.776" endtime="20221107 14:20:03.805"/>
</kw>
<kw name="Type Text" library="RPA.Browser.Playwright">
<arg>id=address</arg>
<arg>${order_row}[Address]</arg>
<tag>PageContent</tag>
<tag>Setter</tag>
<doc>Types the given ``txt`` into the text field found by ``selector``.</doc>
<msg timestamp="20221107 14:20:03.805" level="INFO">Types the text 'Address 789' in the given field.</msg>
<status status="PASS" starttime="20221107 14:20:03.805" endtime="20221107 14:20:03.858"/>
</kw>
<status status="PASS" starttime="20221107 14:20:03.676" endtime="20221107 14:20:03.860"/>
</kw>
<kw name="Preview the robot">
<kw name="Click" library="RPA.Browser.Playwright">
<arg>id=preview</arg>
<tag>PageContent</tag>
<tag>Setter</tag>
<doc>Simulates mouse click on the element found by ``selector``.</doc>
<status status="PASS" starttime="20221107 14:20:03.861" endtime="20221107 14:20:03.931"/>
</kw>
<status status="PASS" starttime="20221107 14:20:03.860" endtime="20221107 14:20:03.932"/>
</kw>
<kw name="Wait Until Keyword Succeeds" library="BuiltIn">
<arg>3x</arg>
<arg>1s</arg>
<arg>Submit the order</arg>
<doc>Runs the specified keyword and retries if it fails.</doc>
<kw name="Submit the order">
<kw name="Click" library="RPA.Browser.Playwright">
<arg>id=order</arg>
<tag>PageContent</tag>
<tag>Setter</tag>
<doc>Simulates mouse click on the element found by ``selector``.</doc>
<status status="PASS" starttime="20221107 14:20:03.934" endtime="20221107 14:20:04.000"/>
</kw>
<kw name="Wait For Elements State" library="RPA.Browser.Playwright">
<arg>id=receipt</arg>
<arg>timeout=3s</arg>
<tag>PageContent</tag>
<tag>Wait</tag>
<doc>Waits for the element found by ``selector`` to satisfy state option.</doc>
<msg timestamp="20221107 14:20:04.012" level="INFO">Waited for Element with selector id=receipt at state visible</msg>
<status status="PASS" starttime="20221107 14:20:04.001" endtime="20221107 14:20:04.013"/>
</kw>
<status status="PASS" starttime="20221107 14:20:03.933" endtime="20221107 14:20:04.013"/>
</kw>
<status status="PASS" starttime="20221107 14:20:03.932" endtime="20221107 14:20:04.013"/>
</kw>
<kw name="Store the receipt as a PDF file">
<var>${pdf}</var>
<arg>${row}</arg>
<kw name="Set Variable" library="BuiltIn">
<var>${pdf_file_full_path}</var>
<arg>${RECEIPTS_DIR}${/}${order_row}[Order number]_Receipt.pdf</arg>
<doc>Returns the given values which can then be assigned to a variables.</doc>
<msg timestamp="20221107 14:20:04.014" level="INFO">${pdf_file_full_path} = c:\Users\mcarpenter\Documents\Robots\my-first-robot\output\receipts\3_Receipt.pdf</msg>
<status status="PASS" starttime="20221107 14:20:04.013" endtime="20221107 14:20:04.014"/>
</kw>
<kw name="Get Property" library="RPA.Browser.Playwright">
<var>${robot_receipt_html}</var>
<arg>id=receipt</arg>
<arg>outerHTML</arg>
<tag>Assertion</tag>
<tag>Getter</tag>
<tag>PageContent</tag>
<doc>Returns the ``property`` of the element found by ``selector``.</doc>
<msg timestamp="20221107 14:20:04.030" level="INFO">${robot_receipt_html} = &lt;div id="receipt" class="alert alert-success" role="alert"&gt;&lt;h3&gt;Receipt&lt;/h3&gt;&lt;div&gt;2022-11-07T19:20:03.987Z&lt;/div&gt;&lt;p class="badge badge-success"&gt;RSB-ROBO-ORDER-1Q0TNG32J9&lt;/p&gt;&lt;p&gt;Address 789&lt;/p&gt;&lt;div id="par...</msg>
<status status="PASS" starttime="20221107 14:20:04.014" endtime="20221107 14:20:04.030"/>
</kw>
<kw name="Html To Pdf" library="RPA.PDF">
<arg>${robot_receipt_html}</arg>
<arg>${pdf_file_full_path}</arg>
<doc>Generate a PDF file from HTML content.</doc>
<msg timestamp="20221107 14:20:04.031" level="INFO">Writing output to file C:\Users\mcarpenter\Documents\Robots\my-first-robot\output\receipts\3_Receipt.pdf</msg>
<msg timestamp="20221107 14:20:04.125" level="INFO">maxp pruned</msg>
<msg timestamp="20221107 14:20:04.126" level="INFO">cmap pruned</msg>
<msg timestamp="20221107 14:20:04.126" level="INFO">post pruned</msg>
<msg timestamp="20221107 14:20:04.126" level="INFO">GDEF dropped</msg>
<msg timestamp="20221107 14:20:04.126" level="INFO">GPOS dropped</msg>
<msg timestamp="20221107 14:20:04.127" level="INFO">GSUB dropped</msg>
<msg timestamp="20221107 14:20:04.127" level="INFO">name pruned</msg>
<msg timestamp="20221107 14:20:04.168" level="INFO">glyf pruned</msg>
<msg timestamp="20221107 14:20:04.169" level="INFO">Added gid0 to subset</msg>
<msg timestamp="20221107 14:20:04.169" level="INFO">Added first four glyphs to subset</msg>
<msg timestamp="20221107 14:20:04.169" level="INFO">Closing glyph list over 'glyf': 59 glyphs before</msg>
<msg timestamp="20221107 14:20:04.169" level="INFO">Glyph names: ['.notdef', '.null', 'uni0020', 'uni0021', 'uni002D', 'uni002E', 'uni0030', 'uni0031', 'uni0032', 'uni0033', 'uni0034', 'uni0035', 'uni0036', 'uni0037', 'uni0038', 'uni0039', 'uni003A', 'uni0041', 'uni0042', 'uni0044', 'uni0045', 'uni0047', 'uni0048', 'uni004A', 'uni004C', 'uni004E', 'uni004F', 'uni0051', 'uni0052', 'uni0053', 'uni0054', 'uni0057', 'uni0059', 'uni005A', 'uni0061', 'uni0062', 'uni0063', 'uni0064', 'uni0065', 'uni0066', 'uni0067', 'uni0068', 'uni0069', 'uni006B', 'uni006C', 'uni006D', 'uni006E', 'uni006F', 'uni0070', 'uni0072', 'uni0073', 'uni0074', 'uni0075', 'uni0076', 'uni0077', 'uni0079', 'uni007B', 'uni007D', 'uni00C4']</msg>
<msg timestamp="20221107 14:20:04.170" level="INFO">Glyph IDs:   [0, 1, 2, 3, 65, 84, 95, 141, 161, 265, 280, 299, 320, 381, 382, 395, 409, 456, 469, 493, 504, 575, 582, 594, 612, 645, 650, 660, 679, 715, 723, 752, 759, 775, 827, 837, 867, 884, 899, 932, 936, 950, 1294, 1295, 1296, 1298, 1299, 1300, 1302, 1303, 1304, 1305, 1329, 1345, 1346, 1361, 1404, 1407, 1681]</msg>
<msg timestamp="20221107 14:20:04.170" level="INFO">Closed glyph list over 'glyf': 59 glyphs after</msg>
<msg timestamp="20221107 14:20:04.170" level="INFO">Glyph names: ['.notdef', '.null', 'uni0020', 'uni0021', 'uni002D', 'uni002E', 'uni0030', 'uni0031', 'uni0032', 'uni0033', 'uni0034', 'uni0035', 'uni0036', 'uni0037', 'uni0038', 'uni0039', 'uni003A', 'uni0041', 'uni0042', 'uni0044', 'uni0045', 'uni0047', 'uni0048', 'uni004A', 'uni004C', 'uni004E', 'uni004F', 'uni0051', 'uni0052', 'uni0053', 'uni0054', 'uni0057', 'uni0059', 'uni005A', 'uni0061', 'uni0062', 'uni0063', 'uni0064', 'uni0065', 'uni0066', 'uni0067', 'uni0068', 'uni0069', 'uni006B', 'uni006C', 'uni006D', 'uni006E', 'uni006F', 'uni0070', 'uni0072', 'uni0073', 'uni0074', 'uni0075', 'uni0076', 'uni0077', 'uni0079', 'uni007B', 'uni007D', 'uni00C4']</msg>
<msg timestamp="20221107 14:20:04.170" level="INFO">Glyph IDs:   [0, 1, 2, 3, 65, 84, 95, 141, 161, 265, 280, 299, 320, 381, 382, 395, 409, 456, 469, 493, 504, 575, 582, 594, 612, 645, 650, 660, 679, 715, 723, 752, 759, 775, 827, 837, 867, 884, 899, 932, 936, 950, 1294, 1295, 1296, 1298, 1299, 1300, 1302, 1303, 1304, 1305, 1329, 1345, 1346, 1361, 1404, 1407, 1681]</msg>
<msg timestamp="20221107 14:20:04.170" level="INFO">Retaining 59 glyphs</msg>
<msg timestamp="20221107 14:20:04.171" level="INFO">head subsetting not needed</msg>
<msg timestamp="20221107 14:20:04.171" level="INFO">hhea subsetting not needed</msg>
<msg timestamp="20221107 14:20:04.171" level="INFO">maxp subsetting not needed</msg>
<msg timestamp="20221107 14:20:04.171" level="INFO">OS/2 subsetting not needed</msg>
<msg timestamp="20221107 14:20:04.172" level="INFO">hmtx subsetted</msg>
<msg timestamp="20221107 14:20:04.175" level="INFO">cmap subsetted</msg>
<msg timestamp="20221107 14:20:04.175" level="INFO">prep subsetting not needed</msg>
<msg timestamp="20221107 14:20:04.175" level="INFO">loca subsetting not needed</msg>
<msg timestamp="20221107 14:20:04.176" level="INFO">post subsetted</msg>
<msg timestamp="20221107 14:20:04.176" level="INFO">gasp subsetting not needed</msg>
<msg timestamp="20221107 14:20:04.176" level="INFO">STAT subsetting not needed</msg>
<msg timestamp="20221107 14:20:04.176" level="INFO">name subsetting not needed</msg>
<msg timestamp="20221107 14:20:04.177" level="INFO">glyf subsetted</msg>
<msg timestamp="20221107 14:20:04.177" level="INFO">head pruned</msg>
<msg timestamp="20221107 14:20:04.177" level="INFO">OS/2 Unicode ranges pruned: [0]</msg>
<msg timestamp="20221107 14:20:04.178" level="INFO">glyf pruned</msg>
<msg timestamp="20221107 14:20:04.204" level="INFO">maxp pruned</msg>
<msg timestamp="20221107 14:20:04.204" level="INFO">cmap pruned</msg>
<msg timestamp="20221107 14:20:04.204" level="INFO">post pruned</msg>
<msg timestamp="20221107 14:20:04.204" level="INFO">GDEF dropped</msg>
<msg timestamp="20221107 14:20:04.204" level="INFO">GPOS dropped</msg>
<msg timestamp="20221107 14:20:04.204" level="INFO">GSUB dropped</msg>
<msg timestamp="20221107 14:20:04.205" level="INFO">name pruned</msg>
<msg timestamp="20221107 14:20:04.209" level="INFO">glyf pruned</msg>
<msg timestamp="20221107 14:20:04.210" level="INFO">Added gid0 to subset</msg>
<msg timestamp="20221107 14:20:04.210" level="INFO">Added first four glyphs to subset</msg>
<msg timestamp="20221107 14:20:04.210" level="INFO">Closing glyph list over 'glyf': 19 glyphs before</msg>
<msg timestamp="20221107 14:20:04.210" level="INFO">Glyph names: ['.notdef', '.null', 'uni0020', 'uni0030', 'uni0031', 'uni0032', 'uni0033', 'uni0034', 'uni0035', 'uni0036', 'uni0037', 'uni0038', 'uni0039', 'uni0041', 'uni0062', 'uni006E', 'uni007B', 'uni007D', 'uni00C4']</msg>
<msg timestamp="20221107 14:20:04.211" level="INFO">Glyph IDs:   [0, 1, 2, 3, 575, 759, 1294, 1295, 1296, 1298, 1299, 1300, 1302, 1303, 1304, 1305, 1345, 1346, 1681]</msg>
<msg timestamp="20221107 14:20:04.211" level="INFO">Closed glyph list over 'glyf': 19 glyphs after</msg>
<msg timestamp="20221107 14:20:04.211" level="INFO">Glyph names: ['.notdef', '.null', 'uni0020', 'uni0030', 'uni0031', 'uni0032', 'uni0033', 'uni0034', 'uni0035', 'uni0036', 'uni0037', 'uni0038', 'uni0039', 'uni0041', 'uni0062', 'uni006E', 'uni007B', 'uni007D', 'uni00C4']</msg>
<msg timestamp="20221107 14:20:04.211" level="INFO">Glyph IDs:   [0, 1, 2, 3, 575, 759, 1294, 1295, 1296, 1298, 1299, 1300, 1302, 1303, 1304, 1305, 1345, 1346, 1681]</msg>
<msg timestamp="20221107 14:20:04.211" level="INFO">Retaining 19 glyphs</msg>
<msg timestamp="20221107 14:20:04.212" level="INFO">head subsetting not needed</msg>
<msg timestamp="20221107 14:20:04.212" level="INFO">hhea subsetting not needed</msg>
<msg timestamp="20221107 14:20:04.212" level="INFO">maxp subsetting not needed</msg>
<msg timestamp="20221107 14:20:04.212" level="INFO">OS/2 subsetting not needed</msg>
<msg timestamp="20221107 14:20:04.213" level="INFO">hmtx subsetted</msg>
<msg timestamp="20221107 14:20:04.216" level="INFO">cmap subsetted</msg>
<msg timestamp="20221107 14:20:04.217" level="INFO">prep subsetting not needed</msg>
<msg timestamp="20221107 14:20:04.217" level="INFO">loca subsetting not needed</msg>
<msg timestamp="20221107 14:20:04.217" level="INFO">post subsetted</msg>
<msg timestamp="20221107 14:20:04.217" level="INFO">gasp subsetting not needed</msg>
<msg timestamp="20221107 14:20:04.218" level="INFO">STAT subsetting not needed</msg>
<msg timestamp="20221107 14:20:04.218" level="INFO">name subsetting not needed</msg>
<msg timestamp="20221107 14:20:04.220" level="INFO">glyf subsetted</msg>
<msg timestamp="20221107 14:20:04.220" level="INFO">head pruned</msg>
<msg timestamp="20221107 14:20:04.221" level="INFO">OS/2 Unicode ranges pruned: [0]</msg>
<msg timestamp="20221107 14:20:04.221" level="INFO">glyf pruned</msg>
<msg timestamp="20221107 14:20:04.241" level="INFO">maxp pruned</msg>
<msg timestamp="20221107 14:20:04.242" level="INFO">cmap pruned</msg>
<msg timestamp="20221107 14:20:04.242" level="INFO">post pruned</msg>
<msg timestamp="20221107 14:20:04.242" level="INFO">GDEF dropped</msg>
<msg timestamp="20221107 14:20:04.242" level="INFO">GPOS dropped</msg>
<msg timestamp="20221107 14:20:04.242" level="INFO">GSUB dropped</msg>
<msg timestamp="20221107 14:20:04.243" level="INFO">name pruned</msg>
<msg timestamp="20221107 14:20:04.246" level="INFO">glyf pruned</msg>
<msg timestamp="20221107 14:20:04.248" level="INFO">Added gid0 to subset</msg>
<msg timestamp="20221107 14:20:04.249" level="INFO">Added first four glyphs to subset</msg>
<msg timestamp="20221107 14:20:04.249" level="INFO">Closing glyph list over 'glyf': 18 glyphs before</msg>
<msg timestamp="20221107 14:20:04.249" level="INFO">Glyph names: ['.notdef', '.null', 'uni0020', 'uni0030', 'uni0031', 'uni0032', 'uni0033', 'uni0034', 'uni0035', 'uni0036', 'uni0037', 'uni0038', 'uni0039', 'uni0062', 'uni006E', 'uni007B', 'uni007D', 'uni00A0']</msg>
<msg timestamp="20221107 14:20:04.249" level="INFO">Glyph IDs:   [0, 1, 2, 3, 544, 727, 1256, 1257, 1258, 1260, 1261, 1262, 1264, 1265, 1266, 1267, 1307, 1308]</msg>
<msg timestamp="20221107 14:20:04.249" level="INFO">Closed glyph list over 'glyf': 18 glyphs after</msg>
<msg timestamp="20221107 14:20:04.249" level="INFO">Glyph names: ['.notdef', '.null', 'uni0020', 'uni0030', 'uni0031', 'uni0032', 'uni0033', 'uni0034', 'uni0035', 'uni0036', 'uni0037', 'uni0038', 'uni0039', 'uni0062', 'uni006E', 'uni007B', 'uni007D', 'uni00A0']</msg>
<msg timestamp="20221107 14:20:04.250" level="INFO">Glyph IDs:   [0, 1, 2, 3, 544, 727, 1256, 1257, 1258, 1260, 1261, 1262, 1264, 1265, 1266, 1267, 1307, 1308]</msg>
<msg timestamp="20221107 14:20:04.250" level="INFO">Retaining 18 glyphs</msg>
<msg timestamp="20221107 14:20:04.250" level="INFO">head subsetting not needed</msg>
<msg timestamp="20221107 14:20:04.250" level="INFO">hhea subsetting not needed</msg>
<msg timestamp="20221107 14:20:04.250" level="INFO">maxp subsetting not needed</msg>
<msg timestamp="20221107 14:20:04.250" level="INFO">OS/2 subsetting not needed</msg>
<msg timestamp="20221107 14:20:04.252" level="INFO">hmtx subsetted</msg>
<msg timestamp="20221107 14:20:04.252" level="INFO">cmap subsetted</msg>
<msg timestamp="20221107 14:20:04.253" level="INFO">loca subsetting not needed</msg>
<msg timestamp="20221107 14:20:04.253" level="INFO">post subsetted</msg>
<msg timestamp="20221107 14:20:04.253" level="INFO">name subsetting not needed</msg>
<msg timestamp="20221107 14:20:04.253" level="INFO">glyf subsetted</msg>
<msg timestamp="20221107 14:20:04.254" level="INFO">head pruned</msg>
<msg timestamp="20221107 14:20:04.254" level="INFO">OS/2 Unicode ranges pruned: [0]</msg>
<msg timestamp="20221107 14:20:04.254" level="INFO">glyf pruned</msg>
<msg timestamp="20221107 14:20:04.268" level="INFO">maxp pruned</msg>
<msg timestamp="20221107 14:20:04.269" level="INFO">cmap pruned</msg>
<msg timestamp="20221107 14:20:04.269" level="INFO">post pruned</msg>
<msg timestamp="20221107 14:20:04.269" level="INFO">GDEF dropped</msg>
<msg timestamp="20221107 14:20:04.269" level="INFO">GPOS dropped</msg>
<msg timestamp="20221107 14:20:04.269" level="INFO">GSUB dropped</msg>
<msg timestamp="20221107 14:20:04.269" level="INFO">name pruned</msg>
<msg timestamp="20221107 14:20:04.273" level="INFO">glyf pruned</msg>
<msg timestamp="20221107 14:20:04.278" level="INFO">Added gid0 to subset</msg>
<msg timestamp="20221107 14:20:04.278" level="INFO">Added first four glyphs to subset</msg>
<msg timestamp="20221107 14:20:04.278" level="INFO">Closing glyph list over 'glyf': 18 glyphs before</msg>
<msg timestamp="20221107 14:20:04.278" level="INFO">Glyph names: ['.notdef', '.null', 'uni0020', 'uni0030', 'uni0031', 'uni0032', 'uni0033', 'uni0034', 'uni0035', 'uni0036', 'uni0037', 'uni0038', 'uni0039', 'uni0062', 'uni006E', 'uni007B', 'uni007D', 'uni00A0']</msg>
<msg timestamp="20221107 14:20:04.278" level="INFO">Glyph IDs:   [0, 1, 2, 3, 544, 727, 1256, 1257, 1258, 1260, 1261, 1262, 1264, 1265, 1266, 1267, 1307, 1308]</msg>
<msg timestamp="20221107 14:20:04.279" level="INFO">Closed glyph list over 'glyf': 18 glyphs after</msg>
<msg timestamp="20221107 14:20:04.279" level="INFO">Glyph names: ['.notdef', '.null', 'uni0020', 'uni0030', 'uni0031', 'uni0032', 'uni0033', 'uni0034', 'uni0035', 'uni0036', 'uni0037', 'uni0038', 'uni0039', 'uni0062', 'uni006E', 'uni007B', 'uni007D', 'uni00A0']</msg>
<msg timestamp="20221107 14:20:04.279" level="INFO">Glyph IDs:   [0, 1, 2, 3, 544, 727, 1256, 1257, 1258, 1260, 1261, 1262, 1264, 1265, 1266, 1267, 1307, 1308]</msg>
<msg timestamp="20221107 14:20:04.279" level="INFO">Retaining 18 glyphs</msg>
<msg timestamp="20221107 14:20:04.280" level="INFO">head subsetting not needed</msg>
<msg timestamp="20221107 14:20:04.280" level="INFO">hhea subsetting not needed</msg>
<msg timestamp="20221107 14:20:04.280" level="INFO">maxp subsetting not needed</msg>
<msg timestamp="20221107 14:20:04.280" level="INFO">OS/2 subsetting not needed</msg>
<msg timestamp="20221107 14:20:04.281" level="INFO">hmtx subsetted</msg>
<msg timestamp="20221107 14:20:04.282" level="INFO">cmap subsetted</msg>
<msg timestamp="20221107 14:20:04.282" level="INFO">loca subsetting not needed</msg>
<msg timestamp="20221107 14:20:04.282" level="INFO">post subsetted</msg>
<msg timestamp="20221107 14:20:04.282" level="INFO">name subsetting not needed</msg>
<msg timestamp="20221107 14:20:04.283" level="INFO">glyf subsetted</msg>
<msg timestamp="20221107 14:20:04.283" level="INFO">head pruned</msg>
<msg timestamp="20221107 14:20:04.284" level="INFO">OS/2 Unicode ranges pruned: [0]</msg>
<msg timestamp="20221107 14:20:04.284" level="INFO">glyf pruned</msg>
<status status="PASS" starttime="20221107 14:20:04.030" endtime="20221107 14:20:04.296"/>
</kw>
<return>
<value>${pdf_file_full_path}</value>
<status status="PASS" starttime="20221107 14:20:04.296" endtime="20221107 14:20:04.296"/>
</return>
<msg timestamp="20221107 14:20:04.296" level="INFO">${pdf} = c:\Users\mcarpenter\Documents\Robots\my-first-robot\output\receipts\3_Receipt.pdf</msg>
<status status="PASS" starttime="20221107 14:20:04.013" endtime="20221107 14:20:04.297"/>
</kw>
<kw name="Take a screenshot of the robot">
<var>${screenshot}</var>
<arg>${row}</arg>
<kw name="Set Variable" library="BuiltIn">
<var>${screenshot}</var>
<arg>${RECEIPTS_DIR}${/}${order_row}[Order number]_Robot.png</arg>
<doc>Returns the given values which can then be assigned to a variables.</doc>
<msg timestamp="20221107 14:20:04.300" level="INFO">${screenshot} = c:\Users\mcarpenter\Documents\Robots\my-first-robot\output\receipts\3_Robot.png</msg>
<status status="PASS" starttime="20221107 14:20:04.298" endtime="20221107 14:20:04.300"/>
</kw>
<kw name="Take Screenshot" library="RPA.Browser.Playwright">
<arg>${screenshot}</arg>
<arg>id=robot-preview-image</arg>
<tag>PageContent</tag>
<doc>Takes a screenshot of the current window or element and saves it to disk.</doc>
<msg timestamp="20221107 14:20:04.424" level="INFO" html="true">&lt;/td&gt;&lt;/tr&gt;&lt;tr&gt;&lt;td colspan="3"&gt;&lt;a href="receipts/3_Robot.png"&gt;&lt;img src="receipts/3_Robot.png" width="800px"&gt;&lt;/a&gt;</msg>
<status status="PASS" starttime="20221107 14:20:04.300" endtime="20221107 14:20:04.426"/>
</kw>
<return>
<value>${screenshot}</value>
<status status="PASS" starttime="20221107 14:20:04.426" endtime="20221107 14:20:04.426"/>
</return>
<msg timestamp="20221107 14:20:04.427" level="INFO">${screenshot} = c:\Users\mcarpenter\Documents\Robots\my-first-robot\output\receipts\3_Robot.png</msg>
<status status="PASS" starttime="20221107 14:20:04.297" endtime="20221107 14:20:04.427"/>
</kw>
<kw name="Embed the robot screenshot to the receipt PDF file">
<arg>${screenshot}</arg>
<arg>${pdf}</arg>
<kw name="Open Pdf" library="RPA.PDF">
<arg>${pdf}</arg>
<doc>Open a PDF document for reading.</doc>
<status status="PASS" starttime="20221107 14:20:04.429" endtime="20221107 14:20:04.430"/>
</kw>
<kw name="Create List" library="BuiltIn">
<var>${files}</var>
<arg>${screenshot}</arg>
<doc>Returns a list containing given items.</doc>
<msg timestamp="20221107 14:20:04.433" level="INFO">${files} = ['c:\\Users\\mcarpenter\\Documents\\Robots\\my-first-robot\\output\\receipts\\3_Robot.png']</msg>
<status status="PASS" starttime="20221107 14:20:04.431" endtime="20221107 14:20:04.433"/>
</kw>
<kw name="Add Files To Pdf" library="RPA.PDF">
<arg>${files}</arg>
<arg>${pdf}</arg>
<arg>append=True</arg>
<doc>Add images and/or pdfs to new PDF document</doc>
<msg timestamp="20221107 14:20:04.435" level="INFO">Adding page: 0</msg>
<msg timestamp="20221107 14:20:04.436" level="INFO">File c:\Users\mcarpenter\Documents\Robots\my-first-robot\output\receipts\3_Robot.png type: png</msg>
<msg timestamp="20221107 14:20:04.436" level="INFO">Image parameters: {}</msg>
<status status="PASS" starttime="20221107 14:20:04.433" endtime="20221107 14:20:04.469"/>
</kw>
<status status="PASS" starttime="20221107 14:20:04.428" endtime="20221107 14:20:04.470"/>
</kw>
<kw name="Go to order another robot">
<kw name="Click" library="RPA.Browser.Playwright">
<arg>id=order-another</arg>
<tag>PageContent</tag>
<tag>Setter</tag>
<doc>Simulates mouse click on the element found by ``selector``.</doc>
<status status="PASS" starttime="20221107 14:20:04.470" endtime="20221107 14:20:04.580"/>
</kw>
<status status="PASS" starttime="20221107 14:20:04.470" endtime="20221107 14:20:04.580"/>
</kw>
<status status="PASS" starttime="20221107 14:20:03.598" endtime="20221107 14:20:04.581"/>
</iter>
<iter>
<var name="${row}">{'Order number': '4', 'Head': '2', 'Body': '3', 'Legs': '2', 'Address': 'Address 1'}</var>
<kw name="Close the annoying modal">
<kw name="Click" library="RPA.Browser.Playwright">
<arg>xpath=//button[contains(.,'Yep')]</arg>
<tag>PageContent</tag>
<tag>Setter</tag>
<doc>Simulates mouse click on the element found by ``selector``.</doc>
<status status="PASS" starttime="20221107 14:20:04.582" endtime="20221107 14:20:04.637"/>
</kw>
<status status="PASS" starttime="20221107 14:20:04.581" endtime="20221107 14:20:04.638"/>
</kw>
<kw name="Fill the form">
<arg>${row}</arg>
<kw name="Select Options By" library="RPA.Browser.Playwright">
<arg>select[id=head]</arg>
<arg>value</arg>
<arg>${order_row}[Head]</arg>
<tag>PageContent</tag>
<tag>Setter</tag>
<doc>Selects options from select element found by ``selector``.</doc>
<status status="PASS" starttime="20221107 14:20:04.642" endtime="20221107 14:20:04.674"/>
</kw>
<kw name="Check Checkbox" library="RPA.Browser.Playwright">
<arg>id=id-body-${order_row}[Body]</arg>
<tag>PageContent</tag>
<tag>Setter</tag>
<doc>Checks the checkbox or selects radio button found by ``selector``.</doc>
<status status="PASS" starttime="20221107 14:20:04.675" endtime="20221107 14:20:04.703"/>
</kw>
<kw name="Type Text" library="RPA.Browser.Playwright">
<arg>xpath=//label[contains(.,'3. Legs:')]/../input</arg>
<arg>${order_row}[Legs]</arg>
<tag>PageContent</tag>
<tag>Setter</tag>
<doc>Types the given ``txt`` into the text field found by ``selector``.</doc>
<msg timestamp="20221107 14:20:04.705" level="INFO">Types the text '2' in the given field.</msg>
<status status="PASS" starttime="20221107 14:20:04.704" endtime="20221107 14:20:04.746"/>
</kw>
<kw name="Type Text" library="RPA.Browser.Playwright">
<arg>id=address</arg>
<arg>${order_row}[Address]</arg>
<tag>PageContent</tag>
<tag>Setter</tag>
<doc>Types the given ``txt`` into the text field found by ``selector``.</doc>
<msg timestamp="20221107 14:20:04.747" level="INFO">Types the text 'Address 1' in the given field.</msg>
<status status="PASS" starttime="20221107 14:20:04.747" endtime="20221107 14:20:04.788"/>
</kw>
<status status="PASS" starttime="20221107 14:20:04.639" endtime="20221107 14:20:04.788"/>
</kw>
<kw name="Preview the robot">
<kw name="Click" library="RPA.Browser.Playwright">
<arg>id=preview</arg>
<tag>PageContent</tag>
<tag>Setter</tag>
<doc>Simulates mouse click on the element found by ``selector``.</doc>
<status status="PASS" starttime="20221107 14:20:04.790" endtime="20221107 14:20:04.844"/>
</kw>
<status status="PASS" starttime="20221107 14:20:04.789" endtime="20221107 14:20:04.844"/>
</kw>
<kw name="Wait Until Keyword Succeeds" library="BuiltIn">
<arg>3x</arg>
<arg>1s</arg>
<arg>Submit the order</arg>
<doc>Runs the specified keyword and retries if it fails.</doc>
<kw name="Submit the order">
<kw name="Click" library="RPA.Browser.Playwright">
<arg>id=order</arg>
<tag>PageContent</tag>
<tag>Setter</tag>
<doc>Simulates mouse click on the element found by ``selector``.</doc>
<status status="PASS" starttime="20221107 14:20:04.846" endtime="20221107 14:20:04.896"/>
</kw>
<kw name="Wait For Elements State" library="RPA.Browser.Playwright">
<arg>id=receipt</arg>
<arg>timeout=3s</arg>
<tag>PageContent</tag>
<tag>Wait</tag>
<doc>Waits for the element found by ``selector`` to satisfy state option.</doc>
<msg timestamp="20221107 14:20:04.904" level="INFO">Waited for Element with selector id=receipt at state visible</msg>
<status status="PASS" starttime="20221107 14:20:04.897" endtime="20221107 14:20:04.904"/>
</kw>
<status status="PASS" starttime="20221107 14:20:04.845" endtime="20221107 14:20:04.904"/>
</kw>
<status status="PASS" starttime="20221107 14:20:04.845" endtime="20221107 14:20:04.904"/>
</kw>
<kw name="Store the receipt as a PDF file">
<var>${pdf}</var>
<arg>${row}</arg>
<kw name="Set Variable" library="BuiltIn">
<var>${pdf_file_full_path}</var>
<arg>${RECEIPTS_DIR}${/}${order_row}[Order number]_Receipt.pdf</arg>
<doc>Returns the given values which can then be assigned to a variables.</doc>
<msg timestamp="20221107 14:20:04.907" level="INFO">${pdf_file_full_path} = c:\Users\mcarpenter\Documents\Robots\my-first-robot\output\receipts\4_Receipt.pdf</msg>
<status status="PASS" starttime="20221107 14:20:04.906" endtime="20221107 14:20:04.907"/>
</kw>
<kw name="Get Property" library="RPA.Browser.Playwright">
<var>${robot_receipt_html}</var>
<arg>id=receipt</arg>
<arg>outerHTML</arg>
<tag>Assertion</tag>
<tag>Getter</tag>
<tag>PageContent</tag>
<doc>Returns the ``property`` of the element found by ``selector``.</doc>
<msg timestamp="20221107 14:20:04.922" level="INFO">${robot_receipt_html} = &lt;div id="receipt" class="alert alert-success" role="alert"&gt;&lt;h3&gt;Receipt&lt;/h3&gt;&lt;div&gt;2022-11-07T19:20:04.886Z&lt;/div&gt;&lt;p class="badge badge-success"&gt;RSB-ROBO-ORDER-CXNAXXB3L&lt;/p&gt;&lt;p&gt;Address 1&lt;/p&gt;&lt;div id="parts"...</msg>
[...]
<msg timestamp="20221107 14:20:42.287" level="INFO">glyf subsetted</msg>
<msg timestamp="20221107 14:20:42.287" level="INFO">head pruned</msg>
<msg timestamp="20221107 14:20:42.288" level="INFO">OS/2 Unicode ranges pruned: [0]</msg>
<msg timestamp="20221107 14:20:42.288" level="INFO">glyf pruned</msg>
<msg timestamp="20221107 14:20:42.304" level="INFO">maxp pruned</msg>
<msg timestamp="20221107 14:20:42.304" level="INFO">cmap pruned</msg>
<msg timestamp="20221107 14:20:42.304" level="INFO">post pruned</msg>
<msg timestamp="20221107 14:20:42.304" level="INFO">GDEF dropped</msg>
<msg timestamp="20221107 14:20:42.304" level="INFO">GPOS dropped</msg>
<msg timestamp="20221107 14:20:42.304" level="INFO">GSUB dropped</msg>
<msg timestamp="20221107 14:20:42.305" level="INFO">name pruned</msg>
<msg timestamp="20221107 14:20:42.309" level="INFO">glyf pruned</msg>
<msg timestamp="20221107 14:20:42.311" level="INFO">Added gid0 to subset</msg>
<msg timestamp="20221107 14:20:42.311" level="INFO">Added first four glyphs to subset</msg>
<msg timestamp="20221107 14:20:42.312" level="INFO">Closing glyph list over 'glyf': 18 glyphs before</msg>
<msg timestamp="20221107 14:20:42.312" level="INFO">Glyph names: ['.notdef', '.null', 'uni0020', 'uni0030', 'uni0031', 'uni0032', 'uni0033', 'uni0034', 'uni0035', 'uni0036', 'uni0037', 'uni0038', 'uni0039', 'uni0062', 'uni006E', 'uni007B', 'uni007D', 'uni00A0']</msg>
<msg timestamp="20221107 14:20:42.312" level="INFO">Glyph IDs:   [0, 1, 2, 3, 544, 727, 1256, 1257, 1258, 1260, 1261, 1262, 1264, 1265, 1266, 1267, 1307, 1308]</msg>
<msg timestamp="20221107 14:20:42.312" level="INFO">Closed glyph list over 'glyf': 18 glyphs after</msg>
<msg timestamp="20221107 14:20:42.312" level="INFO">Glyph names: ['.notdef', '.null', 'uni0020', 'uni0030', 'uni0031', 'uni0032', 'uni0033', 'uni0034', 'uni0035', 'uni0036', 'uni0037', 'uni0038', 'uni0039', 'uni0062', 'uni006E', 'uni007B', 'uni007D', 'uni00A0']</msg>
<msg timestamp="20221107 14:20:42.312" level="INFO">Glyph IDs:   [0, 1, 2, 3, 544, 727, 1256, 1257, 1258, 1260, 1261, 1262, 1264, 1265, 1266, 1267, 1307, 1308]</msg>
<msg timestamp="20221107 14:20:42.312" level="INFO">Retaining 18 glyphs</msg>
<msg timestamp="20221107 14:20:42.313" level="INFO">head subsetting not needed</msg>
<msg timestamp="20221107 14:20:42.313" level="INFO">hhea subsetting not needed</msg>
<msg timestamp="20221107 14:20:42.313" level="INFO">maxp subsetting not needed</msg>
<msg timestamp="20221107 14:20:42.313" level="INFO">OS/2 subsetting not needed</msg>
<msg timestamp="20221107 14:20:42.314" level="INFO">hmtx subsetted</msg>
<msg timestamp="20221107 14:20:42.315" level="INFO">cmap subsetted</msg>
<msg timestamp="20221107 14:20:42.315" level="INFO">loca subsetting not needed</msg>
<msg timestamp="20221107 14:20:42.315" level="INFO">post subsetted</msg>
<msg timestamp="20221107 14:20:42.315" level="INFO">name subsetting not needed</msg>
<msg timestamp="20221107 14:20:42.316" level="INFO">glyf subsetted</msg>
<msg timestamp="20221107 14:20:42.316" level="INFO">head pruned</msg>
<msg timestamp="20221107 14:20:42.316" level="INFO">OS/2 Unicode ranges pruned: [0]</msg>
<msg timestamp="20221107 14:20:42.317" level="INFO">glyf pruned</msg>
<msg timestamp="20221107 14:20:42.331" level="INFO">maxp pruned</msg>
<msg timestamp="20221107 14:20:42.331" level="INFO">cmap pruned</msg>
<msg timestamp="20221107 14:20:42.331" level="INFO">post pruned</msg>
<msg timestamp="20221107 14:20:42.331" level="INFO">GDEF dropped</msg>
<msg timestamp="20221107 14:20:42.331" level="INFO">GPOS dropped</msg>
<msg timestamp="20221107 14:20:42.331" level="INFO">GSUB dropped</msg>
<msg timestamp="20221107 14:20:42.332" level="INFO">name pruned</msg>
<msg timestamp="20221107 14:20:42.334" level="INFO">glyf pruned</msg>
<msg timestamp="20221107 14:20:42.336" level="INFO">Added gid0 to subset</msg>
<msg timestamp="20221107 14:20:42.336" level="INFO">Added first four glyphs to subset</msg>
<msg timestamp="20221107 14:20:42.336" level="INFO">Closing glyph list over 'glyf': 18 glyphs before</msg>
<msg timestamp="20221107 14:20:42.336" level="INFO">Glyph names: ['.notdef', '.null', 'uni0020', 'uni0030', 'uni0031', 'uni0032', 'uni0033', 'uni0034', 'uni0035', 'uni0036', 'uni0037', 'uni0038', 'uni0039', 'uni0062', 'uni006E', 'uni007B', 'uni007D', 'uni00A0']</msg>
<msg timestamp="20221107 14:20:42.337" level="INFO">Glyph IDs:   [0, 1, 2, 3, 544, 727, 1256, 1257, 1258, 1260, 1261, 1262, 1264, 1265, 1266, 1267, 1307, 1308]</msg>
<msg timestamp="20221107 14:20:42.337" level="INFO">Closed glyph list over 'glyf': 18 glyphs after</msg>
<msg timestamp="20221107 14:20:42.337" level="INFO">Glyph names: ['.notdef', '.null', 'uni0020', 'uni0030', 'uni0031', 'uni0032', 'uni0033', 'uni0034', 'uni0035', 'uni0036', 'uni0037', 'uni0038', 'uni0039', 'uni0062', 'uni006E', 'uni007B', 'uni007D', 'uni00A0']</msg>
<msg timestamp="20221107 14:20:42.337" level="INFO">Glyph IDs:   [0, 1, 2, 3, 544, 727, 1256, 1257, 1258, 1260, 1261, 1262, 1264, 1265, 1266, 1267, 1307, 1308]</msg>
<msg timestamp="20221107 14:20:42.337" level="INFO">Retaining 18 glyphs</msg>
<msg timestamp="20221107 14:20:42.337" level="INFO">head subsetting not needed</msg>
<msg timestamp="20221107 14:20:42.337" level="INFO">hhea subsetting not needed</msg>
<msg timestamp="20221107 14:20:42.338" level="INFO">maxp subsetting not needed</msg>
<msg timestamp="20221107 14:20:42.338" level="INFO">OS/2 subsetting not needed</msg>
<msg timestamp="20221107 14:20:42.339" level="INFO">hmtx subsetted</msg>
<msg timestamp="20221107 14:20:42.341" level="INFO">cmap subsetted</msg>
<msg timestamp="20221107 14:20:42.341" level="INFO">loca subsetting not needed</msg>
<msg timestamp="20221107 14:20:42.341" level="INFO">post subsetted</msg>
<msg timestamp="20221107 14:20:42.341" level="INFO">name subsetting not needed</msg>
<msg timestamp="20221107 14:20:42.342" level="INFO">glyf subsetted</msg>
<msg timestamp="20221107 14:20:42.343" level="INFO">head pruned</msg>
<msg timestamp="20221107 14:20:42.343" level="INFO">OS/2 Unicode ranges pruned: [0]</msg>
<msg timestamp="20221107 14:20:42.343" level="INFO">glyf pruned</msg>
<status status="PASS" starttime="20221107 14:20:42.165" endtime="20221107 14:20:42.352"/>
</kw>
<return>
<value>${pdf_file_full_path}</value>
<status status="PASS" starttime="20221107 14:20:42.352" endtime="20221107 14:20:42.353"/>
</return>
<msg timestamp="20221107 14:20:42.353" level="INFO">${pdf} = c:\Users\mcarpenter\Documents\Robots\my-first-robot\output\receipts\17_Receipt.pdf</msg>
<status status="PASS" starttime="20221107 14:20:42.151" endtime="20221107 14:20:42.353"/>
</kw>
<kw name="Take a screenshot of the robot">
<var>${screenshot}</var>
<arg>${row}</arg>
<kw name="Set Variable" library="BuiltIn">
<var>${screenshot}</var>
<arg>${RECEIPTS_DIR}${/}${order_row}[Order number]_Robot.png</arg>
<doc>Returns the given values which can then be assigned to a variables.</doc>
<msg timestamp="20221107 14:20:42.354" level="INFO">${screenshot} = c:\Users\mcarpenter\Documents\Robots\my-first-robot\output\receipts\17_Robot.png</msg>
<status status="PASS" starttime="20221107 14:20:42.354" endtime="20221107 14:20:42.354"/>
</kw>
<kw name="Take Screenshot" library="RPA.Browser.Playwright">
<arg>${screenshot}</arg>
<arg>id=robot-preview-image</arg>
<tag>PageContent</tag>
<doc>Takes a screenshot of the current window or element and saves it to disk.</doc>
<msg timestamp="20221107 14:20:42.489" level="INFO" html="true">&lt;/td&gt;&lt;/tr&gt;&lt;tr&gt;&lt;td colspan="3"&gt;&lt;a href="receipts/17_Robot.png"&gt;&lt;img src="receipts/17_Robot.png" width="800px"&gt;&lt;/a&gt;</msg>
<status status="PASS" starttime="20221107 14:20:42.354" endtime="20221107 14:20:42.489"/>
</kw>
<return>
<value>${screenshot}</value>
<status status="PASS" starttime="20221107 14:20:42.491" endtime="20221107 14:20:42.491"/>
</return>
<msg timestamp="20221107 14:20:42.492" level="INFO">${screenshot} = c:\Users\mcarpenter\Documents\Robots\my-first-robot\output\receipts\17_Robot.png</msg>
<status status="PASS" starttime="20221107 14:20:42.353" endtime="20221107 14:20:42.493"/>
</kw>
<kw name="Embed the robot screenshot to the receipt PDF file">
<arg>${screenshot}</arg>
<arg>${pdf}</arg>
<kw name="Open Pdf" library="RPA.PDF">
<arg>${pdf}</arg>
<doc>Open a PDF document for reading.</doc>
<status status="PASS" starttime="20221107 14:20:42.493" endtime="20221107 14:20:42.495"/>
</kw>
<kw name="Create List" library="BuiltIn">
<var>${files}</var>
<arg>${screenshot}</arg>
<doc>Returns a list containing given items.</doc>
<msg timestamp="20221107 14:20:42.495" level="INFO">${files} = ['c:\\Users\\mcarpenter\\Documents\\Robots\\my-first-robot\\output\\receipts\\17_Robot.png']</msg>
<status status="PASS" starttime="20221107 14:20:42.495" endtime="20221107 14:20:42.495"/>
</kw>
<kw name="Add Files To Pdf" library="RPA.PDF">
<arg>${files}</arg>
<arg>${pdf}</arg>
<arg>append=True</arg>
<doc>Add images and/or pdfs to new PDF document</doc>
<msg timestamp="20221107 14:20:42.498" level="INFO">Adding page: 0</msg>
<msg timestamp="20221107 14:20:42.499" level="INFO">File c:\Users\mcarpenter\Documents\Robots\my-first-robot\output\receipts\17_Robot.png type: png</msg>
<msg timestamp="20221107 14:20:42.499" level="INFO">Image parameters: {}</msg>
<status status="PASS" starttime="20221107 14:20:42.496" endtime="20221107 14:20:42.526"/>
</kw>
<status status="PASS" starttime="20221107 14:20:42.493" endtime="20221107 14:20:42.526"/>
</kw>
<kw name="Go to order another robot">
<kw name="Click" library="RPA.Browser.Playwright">
<arg>id=order-another</arg>
<tag>PageContent</tag>
<tag>Setter</tag>
<doc>Simulates mouse click on the element found by ``selector``.</doc>
<status status="PASS" starttime="20221107 14:20:42.527" endtime="20221107 14:20:42.631"/>
</kw>
<status status="PASS" starttime="20221107 14:20:42.527" endtime="20221107 14:20:42.632"/>
</kw>
<status status="PASS" starttime="20221107 14:20:41.764" endtime="20221107 14:20:42.632"/>
</iter>
<iter>
<var name="${row}">{'Order number': '18', 'Head': '2', 'Body': '5', 'Legs': '1', 'Address': 'Address F'}</var>
<kw name="Close the annoying modal">
<kw name="Click" library="RPA.Browser.Playwright">
<arg>xpath=//button[contains(.,'Yep')]</arg>
<tag>PageContent</tag>
<tag>Setter</tag>
<doc>Simulates mouse click on the element found by ``selector``.</doc>
<status status="PASS" starttime="20221107 14:20:42.633" endtime="20221107 14:20:42.688"/>
</kw>
<status status="PASS" starttime="20221107 14:20:42.632" endtime="20221107 14:20:42.690"/>
</kw>
<kw name="Fill the form">
<arg>${row}</arg>
<kw name="Select Options By" library="RPA.Browser.Playwright">
<arg>select[id=head]</arg>
<arg>value</arg>
<arg>${order_row}[Head]</arg>
<tag>PageContent</tag>
<tag>Setter</tag>
<doc>Selects options from select element found by ``selector``.</doc>
<status status="PASS" starttime="20221107 14:20:42.692" endtime="20221107 14:20:42.728"/>
</kw>
<kw name="Check Checkbox" library="RPA.Browser.Playwright">
<arg>id=id-body-${order_row}[Body]</arg>
<tag>PageContent</tag>
<tag>Setter</tag>
<doc>Checks the checkbox or selects radio button found by ``selector``.</doc>
<status status="PASS" starttime="20221107 14:20:42.729" endtime="20221107 14:20:42.786"/>
</kw>
<kw name="Type Text" library="RPA.Browser.Playwright">
<arg>xpath=//label[contains(.,'3. Legs:')]/../input</arg>
<arg>${order_row}[Legs]</arg>
<tag>PageContent</tag>
<tag>Setter</tag>
<doc>Types the given ``txt`` into the text field found by ``selector``.</doc>
<msg timestamp="20221107 14:20:42.786" level="INFO">Types the text '1' in the given field.</msg>
<status status="PASS" starttime="20221107 14:20:42.786" endtime="20221107 14:20:42.814"/>
</kw>
<kw name="Type Text" library="RPA.Browser.Playwright">
<arg>id=address</arg>
<arg>${order_row}[Address]</arg>
<tag>PageContent</tag>
<tag>Setter</tag>
<doc>Types the given ``txt`` into the text field found by ``selector``.</doc>
<msg timestamp="20221107 14:20:42.815" level="INFO">Types the text 'Address F' in the given field.</msg>
<status status="PASS" starttime="20221107 14:20:42.815" endtime="20221107 14:20:42.855"/>
</kw>
<status status="PASS" starttime="20221107 14:20:42.690" endtime="20221107 14:20:42.856"/>
</kw>
<kw name="Preview the robot">
<kw name="Click" library="RPA.Browser.Playwright">
<arg>id=preview</arg>
<tag>PageContent</tag>
<tag>Setter</tag>
<doc>Simulates mouse click on the element found by ``selector``.</doc>
<status status="PASS" starttime="20221107 14:20:42.857" endtime="20221107 14:20:42.914"/>
</kw>
<status status="PASS" starttime="20221107 14:20:42.857" endtime="20221107 14:20:42.915"/>
</kw>
<kw name="Wait Until Keyword Succeeds" library="BuiltIn">
<arg>3x</arg>
<arg>1s</arg>
<arg>Submit the order</arg>
<doc>Runs the specified keyword and retries if it fails.</doc>
<kw name="Submit the order">
<kw name="Click" library="RPA.Browser.Playwright">
<arg>id=order</arg>
<tag>PageContent</tag>
<tag>Setter</tag>
<doc>Simulates mouse click on the element found by ``selector``.</doc>
<status status="PASS" starttime="20221107 14:20:42.916" endtime="20221107 14:20:42.977"/>
</kw>
<kw name="Wait For Elements State" library="RPA.Browser.Playwright">
<arg>id=receipt</arg>
<arg>timeout=3s</arg>
<tag>PageContent</tag>
<tag>Wait</tag>
<doc>Waits for the element found by ``selector`` to satisfy state option.</doc>
<msg timestamp="20221107 14:20:46.159" level="INFO" html="true">&lt;/td&gt;&lt;/tr&gt;&lt;tr&gt;&lt;td colspan="3"&gt;&lt;a href="browser/screenshot/fail-screenshot-4.png"&gt;&lt;img src="browser/screenshot/fail-screenshot-4.png" width="800px"&gt;&lt;/a&gt;</msg>
<msg timestamp="20221107 14:20:53.401" level="FAIL">TimeoutError: locator.waitFor: Timeout 3000ms exceeded.
=========================== logs ===========================
waiting for selector "id=receipt" to be visible
============================================================
Tip: Use "Set Browser Timeout" for increasing the timeout or double check your locator as the targeted element(s) couldn't be found.</msg>
<status status="FAIL" starttime="20221107 14:20:42.977" endtime="20221107 14:20:53.402"/>
</kw>
<status status="FAIL" starttime="20221107 14:20:42.916" endtime="20221107 14:20:53.404"/>
</kw>
<kw name="Submit the order">
<kw name="Click" library="RPA.Browser.Playwright">
<arg>id=order</arg>
<tag>PageContent</tag>
<tag>Setter</tag>
<doc>Simulates mouse click on the element found by ``selector``.</doc>
<status status="PASS" starttime="20221107 14:20:54.412" endtime="20221107 14:20:54.455"/>
</kw>
<kw name="Wait For Elements State" library="RPA.Browser.Playwright">
<arg>id=receipt</arg>
<arg>timeout=3s</arg>
<tag>PageContent</tag>
<tag>Wait</tag>
<doc>Waits for the element found by ``selector`` to satisfy state option.</doc>
<msg timestamp="20221107 14:20:57.609" level="INFO" html="true">&lt;/td&gt;&lt;/tr&gt;&lt;tr&gt;&lt;td colspan="3"&gt;&lt;a href="browser/screenshot/fail-screenshot-5.png"&gt;&lt;img src="browser/screenshot/fail-screenshot-5.png" width="800px"&gt;&lt;/a&gt;</msg>
<msg timestamp="20221107 14:21:06.889" level="FAIL">TimeoutError: locator.waitFor: Timeout 3000ms exceeded.
=========================== logs ===========================
waiting for selector "id=receipt" to be visible
============================================================
Tip: Use "Set Browser Timeout" for increasing the timeout or double check your locator as the targeted element(s) couldn't be found.</msg>
<status status="FAIL" starttime="20221107 14:20:54.456" endtime="20221107 14:21:06.890"/>
</kw>
<status status="FAIL" starttime="20221107 14:20:54.410" endtime="20221107 14:21:06.891"/>
</kw>
<kw name="Submit the order">
<kw name="Click" library="RPA.Browser.Playwright">
<arg>id=order</arg>
<tag>PageContent</tag>
<tag>Setter</tag>
<doc>Simulates mouse click on the element found by ``selector``.</doc>
<status status="PASS" starttime="20221107 14:21:07.902" endtime="20221107 14:21:07.943"/>
</kw>
<kw name="Wait For Elements State" library="RPA.Browser.Playwright">
<arg>id=receipt</arg>
<arg>timeout=3s</arg>
<tag>PageContent</tag>
<tag>Wait</tag>
<doc>Waits for the element found by ``selector`` to satisfy state option.</doc>
<msg timestamp="20221107 14:21:11.123" level="INFO" html="true">&lt;/td&gt;&lt;/tr&gt;&lt;tr&gt;&lt;td colspan="3"&gt;&lt;a href="browser/screenshot/fail-screenshot-6.png"&gt;&lt;img src="browser/screenshot/fail-screenshot-6.png" width="800px"&gt;&lt;/a&gt;</msg>
<msg timestamp="20221107 14:21:29.279" level="FAIL">TimeoutError: locator.waitFor: Timeout 3000ms exceeded.
=========================== logs ===========================
waiting for selector "id=receipt" to be visible
============================================================
Tip: Use "Set Browser Timeout" for increasing the timeout or double check your locator as the targeted element(s) couldn't be found.</msg>
<status status="FAIL" starttime="20221107 14:21:07.944" endtime="20221107 14:21:29.280"/>
</kw>
<status status="FAIL" starttime="20221107 14:21:07.899" endtime="20221107 14:21:29.281"/>
</kw>
<msg timestamp="20221107 14:21:29.282" level="FAIL">Keyword 'Submit the order' failed after retrying 3 times. The last error was: TimeoutError: locator.waitFor: Timeout 3000ms exceeded.
=========================== logs ===========================
waiting for selector "id=receipt" to be visible
============================================================
Tip: Use "Set Browser Timeout" for increasing the timeout or double check your locator as the targeted element(s) couldn't be found.</msg>
<status status="FAIL" starttime="20221107 14:20:42.916" endtime="20221107 14:21:29.284"/>
</kw>
<kw name="Store the receipt as a PDF file">
<var>${pdf}</var>
<arg>${row}</arg>
<status status="NOT RUN" starttime="20221107 14:21:29.285" endtime="20221107 14:21:29.285"/>
</kw>
<kw name="Take a screenshot of the robot">
<var>${screenshot}</var>
<arg>${row}</arg>
<status status="NOT RUN" starttime="20221107 14:21:29.285" endtime="20221107 14:21:29.285"/>
</kw>
<kw name="Embed the robot screenshot to the receipt PDF file">
<arg>${screenshot}</arg>
<arg>${pdf}</arg>
<status status="NOT RUN" starttime="20221107 14:21:29.285" endtime="20221107 14:21:29.285"/>
</kw>
<kw name="Go to order another robot">
<status status="NOT RUN" starttime="20221107 14:21:29.286" endtime="20221107 14:21:29.286"/>
</kw>
<status status="FAIL" starttime="20221107 14:20:42.632" endtime="20221107 14:21:29.286"/>
</iter>
<status status="FAIL" starttime="20221107 14:20:01.549" endtime="20221107 14:21:29.286"/>
</for>
<kw name="Create a ZIP file of the receipts">
<status status="NOT RUN" starttime="20221107 14:21:29.287" endtime="20221107 14:21:29.287"/>
</kw>
<status status="FAIL" starttime="20221107 14:19:54.451" endtime="20221107 14:21:29.288">Keyword 'Submit the order' failed after retrying 3 times. The last error was: TimeoutError: locator.waitFor: Timeout 3000ms exceeded.
=========================== logs ===========================
waiting for selector "id=receipt" to be visible
============================================================
Tip: Use "Set Browser Timeout" for increasing the timeout or double check your locator as the targeted element(s) couldn't be found.</status>
</test>
<doc>Orders robots from RobotSpareBin Industries Inc.
Saves the order HTML receipt as a PDF file.
Saves the screenshot of the ordered robot.
Embeds the screenshot of the robot to the PDF receipt.
Creates ZIP archive of the receipts and the images.</doc>
<status status="FAIL" starttime="20221107 14:19:50.940" endtime="20221107 14:21:29.383"/>
</suite>
<statistics>
<total>
<stat pass="0" fail="1" skip="0">All Tasks</stat>
</total>
<tag>
</tag>
<suite>
<stat pass="0" fail="1" skip="0" id="s1" name="Tasks">Tasks</stat>
</suite>
</statistics>
<errors>
<msg timestamp="20221107 14:19:59.573" level="WARN">Open Browser is for quick experimentation and debugging only. Use New Page for production.</msg>
</errors>
</robot>
